{"/Users/olabe/Documents/GitHub/Infra-oldevops/infra-oldevops/app-demo/backend/src/server.js": {"path":"/Users/olabe/Documents/GitHub/Infra-oldevops/infra-oldevops/app-demo/backend/src/server.js","statementMap":{"0":{"start":{"line":1,"column":16},"end":{"line":1,"column":34}},"1":{"start":{"line":2,"column":13},"end":{"line":2,"column":28}},"2":{"start":{"line":3,"column":18},"end":{"line":3,"column":47}},"3":{"start":{"line":4,"column":25},"end":{"line":4,"column":61}},"4":{"start":{"line":6,"column":19},"end":{"line":6,"column":43}},"5":{"start":{"line":7,"column":22},"end":{"line":7,"column":50}},"6":{"start":{"line":8,"column":22},"end":{"line":8,"column":50}},"7":{"start":{"line":9,"column":20},"end":{"line":9,"column":46}},"8":{"start":{"line":10,"column":19},"end":{"line":10,"column":43}},"9":{"start":{"line":11,"column":19},"end":{"line":11,"column":44}},"10":{"start":{"line":12,"column":22},"end":{"line":12,"column":49}},"11":{"start":{"line":14,"column":12},"end":{"line":14,"column":21}},"12":{"start":{"line":16,"column":0},"end":{"line":16,"column":57}},"13":{"start":{"line":17,"column":0},"end":{"line":17,"column":23}},"14":{"start":{"line":20,"column":0},"end":{"line":22,"column":2}},"15":{"start":{"line":21,"column":2},"end":{"line":21,"column":95}},"16":{"start":{"line":25,"column":20},"end":{"line":150,"column":1}},"17":{"start":{"line":152,"column":0},"end":{"line":152,"column":67}},"18":{"start":{"line":155,"column":0},"end":{"line":155,"column":32}},"19":{"start":{"line":156,"column":0},"end":{"line":156,"column":39}},"20":{"start":{"line":157,"column":0},"end":{"line":157,"column":39}},"21":{"start":{"line":158,"column":0},"end":{"line":158,"column":35}},"22":{"start":{"line":159,"column":0},"end":{"line":159,"column":32}},"23":{"start":{"line":160,"column":0},"end":{"line":160,"column":33}},"24":{"start":{"line":161,"column":0},"end":{"line":161,"column":38}},"25":{"start":{"line":163,"column":0},"end":{"line":163,"column":21}},"26":{"start":{"line":165,"column":13},"end":{"line":165,"column":37}},"27":{"start":{"line":167,"column":0},"end":{"line":172,"column":1}},"28":{"start":{"line":168,"column":2},"end":{"line":171,"column":4}},"29":{"start":{"line":169,"column":4},"end":{"line":169,"column":60}},"30":{"start":{"line":170,"column":4},"end":{"line":170,"column":64}},"31":{"start":{"line":174,"column":0},"end":{"line":174,"column":20}}},"fnMap":{"0":{"name":"(anonymous_0)","decl":{"start":{"line":20,"column":23},"end":{"line":20,"column":24}},"loc":{"start":{"line":20,"column":37},"end":{"line":22,"column":1}},"line":20},"1":{"name":"(anonymous_1)","decl":{"start":{"line":168,"column":19},"end":{"line":168,"column":20}},"loc":{"start":{"line":168,"column":25},"end":{"line":171,"column":3}},"line":168}},"branchMap":{"0":{"loc":{"start":{"line":16,"column":23},"end":{"line":16,"column":53}},"type":"binary-expr","locations":[{"start":{"line":16,"column":23},"end":{"line":16,"column":46}},{"start":{"line":16,"column":50},"end":{"line":16,"column":53}}],"line":16},"1":{"loc":{"start":{"line":165,"column":13},"end":{"line":165,"column":37}},"type":"binary-expr","locations":[{"start":{"line":165,"column":13},"end":{"line":165,"column":29}},{"start":{"line":165,"column":33},"end":{"line":165,"column":37}}],"line":165},"2":{"loc":{"start":{"line":167,"column":0},"end":{"line":172,"column":1}},"type":"if","locations":[{"start":{"line":167,"column":0},"end":{"line":172,"column":1}},{"start":{},"end":{}}],"line":167}},"s":{"0":6,"1":6,"2":6,"3":6,"4":6,"5":6,"6":6,"7":6,"8":6,"9":6,"10":6,"11":6,"12":6,"13":6,"14":6,"15":1,"16":6,"17":6,"18":6,"19":6,"20":6,"21":6,"22":6,"23":6,"24":6,"25":6,"26":6,"27":6,"28":0,"29":0,"30":0,"31":6},"f":{"0":1,"1":0},"b":{"0":[6,6],"1":[6,6],"2":[0,6]},"_coverageSchema":"1a1c01bbd47fc00a2c39e90264f33305004495a9","hash":"f95e72d3fc8d293c19ea7e0d702435376b5fc369"}
,"/Users/olabe/Documents/GitHub/Infra-oldevops/infra-oldevops/app-demo/backend/src/middleware/auth.js": {"path":"/Users/olabe/Documents/GitHub/Infra-oldevops/infra-oldevops/app-demo/backend/src/middleware/auth.js","statementMap":{"0":{"start":{"line":1,"column":24},"end":{"line":1,"column":47}},"1":{"start":{"line":4,"column":17},"end":{"line":4,"column":42}},"2":{"start":{"line":5,"column":2},"end":{"line":7,"column":3}},"3":{"start":{"line":6,"column":4},"end":{"line":6,"column":60}},"4":{"start":{"line":8,"column":2},"end":{"line":13,"column":3}},"5":{"start":{"line":9,"column":4},"end":{"line":9,"column":43}},"6":{"start":{"line":10,"column":4},"end":{"line":10,"column":10}},"7":{"start":{"line":12,"column":4},"end":{"line":12,"column":63}},"8":{"start":{"line":16,"column":0},"end":{"line":16,"column":32}}},"fnMap":{"0":{"name":"requireAuth","decl":{"start":{"line":3,"column":9},"end":{"line":3,"column":20}},"loc":{"start":{"line":3,"column":37},"end":{"line":14,"column":1}},"line":3}},"branchMap":{"0":{"loc":{"start":{"line":5,"column":2},"end":{"line":7,"column":3}},"type":"if","locations":[{"start":{"line":5,"column":2},"end":{"line":7,"column":3}},{"start":{},"end":{}}],"line":5},"1":{"loc":{"start":{"line":5,"column":6},"end":{"line":5,"column":46}},"type":"binary-expr","locations":[{"start":{"line":5,"column":6},"end":{"line":5,"column":13}},{"start":{"line":5,"column":17},"end":{"line":5,"column":46}}],"line":5}},"s":{"0":6,"1":12,"2":12,"3":5,"4":7,"5":7,"6":7,"7":0,"8":6},"f":{"0":12},"b":{"0":[5,7],"1":[12,7]},"_coverageSchema":"1a1c01bbd47fc00a2c39e90264f33305004495a9","hash":"1587a34751518c799c40a1584a3a2ceb3681aca6"}
,"/Users/olabe/Documents/GitHub/Infra-oldevops/infra-oldevops/app-demo/backend/src/middleware/errorHandler.js": {"path":"/Users/olabe/Documents/GitHub/Infra-oldevops/infra-oldevops/app-demo/backend/src/middleware/errorHandler.js","statementMap":{"0":{"start":{"line":2,"column":2},"end":{"line":2,"column":26}},"1":{"start":{"line":3,"column":17},"end":{"line":3,"column":34}},"2":{"start":{"line":4,"column":2},"end":{"line":4,"column":77}},"3":{"start":{"line":7,"column":0},"end":{"line":7,"column":33}}},"fnMap":{"0":{"name":"errorHandler","decl":{"start":{"line":1,"column":9},"end":{"line":1,"column":21}},"loc":{"start":{"line":1,"column":43},"end":{"line":5,"column":1}},"line":1}},"branchMap":{"0":{"loc":{"start":{"line":3,"column":17},"end":{"line":3,"column":34}},"type":"binary-expr","locations":[{"start":{"line":3,"column":17},"end":{"line":3,"column":27}},{"start":{"line":3,"column":31},"end":{"line":3,"column":34}}],"line":3},"1":{"loc":{"start":{"line":4,"column":35},"end":{"line":4,"column":74}},"type":"binary-expr","locations":[{"start":{"line":4,"column":35},"end":{"line":4,"column":46}},{"start":{"line":4,"column":50},"end":{"line":4,"column":74}}],"line":4}},"s":{"0":0,"1":0,"2":0,"3":6},"f":{"0":0},"b":{"0":[0,0],"1":[0,0]},"_coverageSchema":"1a1c01bbd47fc00a2c39e90264f33305004495a9","hash":"9db1af7d1392b23966aff611a485c7a03d2225dc"}
,"/Users/olabe/Documents/GitHub/Infra-oldevops/infra-oldevops/app-demo/backend/src/middleware/validate.js": {"path":"/Users/olabe/Documents/GitHub/Infra-oldevops/infra-oldevops/app-demo/backend/src/middleware/validate.js","statementMap":{"0":{"start":{"line":2,"column":2},"end":{"line":12,"column":3}},"1":{"start":{"line":3,"column":19},"end":{"line":3,"column":45}},"2":{"start":{"line":4,"column":4},"end":{"line":9,"column":5}},"3":{"start":{"line":5,"column":6},"end":{"line":8,"column":8}},"4":{"start":{"line":10,"column":4},"end":{"line":10,"column":31}},"5":{"start":{"line":11,"column":4},"end":{"line":11,"column":10}},"6":{"start":{"line":15,"column":0},"end":{"line":15,"column":29}}},"fnMap":{"0":{"name":"validate","decl":{"start":{"line":1,"column":9},"end":{"line":1,"column":17}},"loc":{"start":{"line":1,"column":26},"end":{"line":13,"column":1}},"line":1},"1":{"name":"(anonymous_1)","decl":{"start":{"line":2,"column":9},"end":{"line":2,"column":10}},"loc":{"start":{"line":2,"column":29},"end":{"line":12,"column":3}},"line":2}},"branchMap":{"0":{"loc":{"start":{"line":4,"column":4},"end":{"line":9,"column":5}},"type":"if","locations":[{"start":{"line":4,"column":4},"end":{"line":9,"column":5}},{"start":{},"end":{}}],"line":4}},"s":{"0":42,"1":5,"2":5,"3":4,"4":1,"5":1,"6":6},"f":{"0":42,"1":5},"b":{"0":[4,1]},"_coverageSchema":"1a1c01bbd47fc00a2c39e90264f33305004495a9","hash":"d2838efcc8fbd1f0ace35621f704b401301afccb"}
,"/Users/olabe/Documents/GitHub/Infra-oldevops/infra-oldevops/app-demo/backend/src/routes/auth.js": {"path":"/Users/olabe/Documents/GitHub/Infra-oldevops/infra-oldevops/app-demo/backend/src/routes/auth.js","statementMap":{"0":{"start":{"line":1,"column":19},"end":{"line":1,"column":37}},"1":{"start":{"line":2,"column":15},"end":{"line":2,"column":34}},"2":{"start":{"line":3,"column":14},"end":{"line":3,"column":28}},"3":{"start":{"line":4,"column":25},"end":{"line":4,"column":50}},"4":{"start":{"line":5,"column":22},"end":{"line":5,"column":45}},"5":{"start":{"line":6,"column":21},"end":{"line":6,"column":54}},"6":{"start":{"line":8,"column":15},"end":{"line":8,"column":23}},"7":{"start":{"line":9,"column":15},"end":{"line":9,"column":33}},"8":{"start":{"line":11,"column":20},"end":{"line":14,"column":2}},"9":{"start":{"line":16,"column":23},"end":{"line":20,"column":2}},"10":{"start":{"line":43,"column":0},"end":{"line":55,"column":2}},"11":{"start":{"line":44,"column":2},"end":{"line":54,"column":3}},"12":{"start":{"line":45,"column":32},"end":{"line":45,"column":45}},"13":{"start":{"line":46,"column":17},"end":{"line":46,"column":67}},"14":{"start":{"line":47,"column":4},"end":{"line":49,"column":5}},"15":{"start":{"line":48,"column":6},"end":{"line":48,"column":79}},"16":{"start":{"line":50,"column":18},"end":{"line":50,"column":97}},"17":{"start":{"line":51,"column":4},"end":{"line":51,"column":99}},"18":{"start":{"line":53,"column":4},"end":{"line":53,"column":13}},"19":{"start":{"line":64,"column":0},"end":{"line":76,"column":2}},"20":{"start":{"line":65,"column":2},"end":{"line":75,"column":3}},"21":{"start":{"line":66,"column":38},"end":{"line":66,"column":51}},"22":{"start":{"line":67,"column":21},"end":{"line":67,"column":71}},"23":{"start":{"line":68,"column":4},"end":{"line":68,"column":78}},"24":{"start":{"line":68,"column":18},"end":{"line":68,"column":78}},"25":{"start":{"line":69,"column":25},"end":{"line":69,"column":56}},"26":{"start":{"line":70,"column":17},"end":{"line":70,"column":82}},"27":{"start":{"line":71,"column":18},"end":{"line":71,"column":97}},"28":{"start":{"line":72,"column":4},"end":{"line":72,"column":111}},"29":{"start":{"line":74,"column":4},"end":{"line":74,"column":13}},"30":{"start":{"line":78,"column":0},"end":{"line":78,"column":23}}},"fnMap":{"0":{"name":"(anonymous_0)","decl":{"start":{"line":43,"column":45},"end":{"line":43,"column":46}},"loc":{"start":{"line":43,"column":71},"end":{"line":55,"column":1}},"line":43},"1":{"name":"(anonymous_1)","decl":{"start":{"line":64,"column":51},"end":{"line":64,"column":52}},"loc":{"start":{"line":64,"column":77},"end":{"line":76,"column":1}},"line":64}},"branchMap":{"0":{"loc":{"start":{"line":47,"column":4},"end":{"line":49,"column":5}},"type":"if","locations":[{"start":{"line":47,"column":4},"end":{"line":49,"column":5}},{"start":{},"end":{}}],"line":47},"1":{"loc":{"start":{"line":47,"column":8},"end":{"line":47,"column":69}},"type":"binary-expr","locations":[{"start":{"line":47,"column":8},"end":{"line":47,"column":13}},{"start":{"line":47,"column":17},"end":{"line":47,"column":69}}],"line":47},"2":{"loc":{"start":{"line":68,"column":4},"end":{"line":68,"column":78}},"type":"if","locations":[{"start":{"line":68,"column":4},"end":{"line":68,"column":78}},{"start":{},"end":{}}],"line":68}},"s":{"0":6,"1":6,"2":6,"3":6,"4":6,"5":6,"6":6,"7":6,"8":6,"9":6,"10":6,"11":1,"12":1,"13":1,"14":1,"15":1,"16":0,"17":0,"18":0,"19":6,"20":0,"21":0,"22":0,"23":0,"24":0,"25":0,"26":0,"27":0,"28":0,"29":0,"30":6},"f":{"0":1,"1":0},"b":{"0":[1,0],"1":[1,1],"2":[0,0]},"_coverageSchema":"1a1c01bbd47fc00a2c39e90264f33305004495a9","hash":"12ee40b672466cd05ed5f90af009488b61bd249f"}
,"/Users/olabe/Documents/GitHub/Infra-oldevops/infra-oldevops/app-demo/backend/src/routes/channels.js": {"path":"/Users/olabe/Documents/GitHub/Infra-oldevops/infra-oldevops/app-demo/backend/src/routes/channels.js","statementMap":{"0":{"start":{"line":1,"column":19},"end":{"line":1,"column":37}},"1":{"start":{"line":2,"column":25},"end":{"line":2,"column":50}},"2":{"start":{"line":3,"column":24},"end":{"line":3,"column":53}},"3":{"start":{"line":5,"column":15},"end":{"line":5,"column":23}},"4":{"start":{"line":6,"column":15},"end":{"line":6,"column":33}},"5":{"start":{"line":18,"column":0},"end":{"line":27,"column":2}},"6":{"start":{"line":19,"column":2},"end":{"line":26,"column":3}},"7":{"start":{"line":20,"column":21},"end":{"line":22,"column":6}},"8":{"start":{"line":23,"column":4},"end":{"line":23,"column":22}},"9":{"start":{"line":25,"column":4},"end":{"line":25,"column":13}},"10":{"start":{"line":29,"column":0},"end":{"line":29,"column":23}}},"fnMap":{"0":{"name":"(anonymous_0)","decl":{"start":{"line":18,"column":29},"end":{"line":18,"column":30}},"loc":{"start":{"line":18,"column":55},"end":{"line":27,"column":1}},"line":18}},"branchMap":{},"s":{"0":6,"1":6,"2":6,"3":6,"4":6,"5":6,"6":0,"7":0,"8":0,"9":0,"10":6},"f":{"0":0},"b":{},"_coverageSchema":"1a1c01bbd47fc00a2c39e90264f33305004495a9","hash":"493442d9c7a5867d3ea14beab4b02043e50118de"}
,"/Users/olabe/Documents/GitHub/Infra-oldevops/infra-oldevops/app-demo/backend/src/routes/history.js": {"path":"/Users/olabe/Documents/GitHub/Infra-oldevops/infra-oldevops/app-demo/backend/src/routes/history.js","statementMap":{"0":{"start":{"line":1,"column":19},"end":{"line":1,"column":37}},"1":{"start":{"line":2,"column":25},"end":{"line":2,"column":50}},"2":{"start":{"line":3,"column":24},"end":{"line":3,"column":53}},"3":{"start":{"line":5,"column":15},"end":{"line":5,"column":23}},"4":{"start":{"line":6,"column":15},"end":{"line":6,"column":33}},"5":{"start":{"line":37,"column":0},"end":{"line":65,"column":2}},"6":{"start":{"line":38,"column":2},"end":{"line":64,"column":3}},"7":{"start":{"line":39,"column":18},"end":{"line":39,"column":20}},"8":{"start":{"line":40,"column":4},"end":{"line":40,"column":76}},"9":{"start":{"line":40,"column":29},"end":{"line":40,"column":76}},"10":{"start":{"line":41,"column":4},"end":{"line":41,"column":76}},"11":{"start":{"line":41,"column":29},"end":{"line":41,"column":76}},"12":{"start":{"line":42,"column":4},"end":{"line":42,"column":72}},"13":{"start":{"line":42,"column":26},"end":{"line":42,"column":72}},"14":{"start":{"line":43,"column":4},"end":{"line":47,"column":5}},"15":{"start":{"line":44,"column":6},"end":{"line":44,"column":26}},"16":{"start":{"line":45,"column":6},"end":{"line":45,"column":72}},"17":{"start":{"line":45,"column":26},"end":{"line":45,"column":72}},"18":{"start":{"line":46,"column":6},"end":{"line":46,"column":68}},"19":{"start":{"line":46,"column":24},"end":{"line":46,"column":68}},"20":{"start":{"line":49,"column":18},"end":{"line":49,"column":64}},"21":{"start":{"line":51,"column":20},"end":{"line":60,"column":6}},"22":{"start":{"line":61,"column":4},"end":{"line":61,"column":21}},"23":{"start":{"line":63,"column":4},"end":{"line":63,"column":13}},"24":{"start":{"line":67,"column":0},"end":{"line":67,"column":23}}},"fnMap":{"0":{"name":"(anonymous_0)","decl":{"start":{"line":37,"column":29},"end":{"line":37,"column":30}},"loc":{"start":{"line":37,"column":55},"end":{"line":65,"column":1}},"line":37}},"branchMap":{"0":{"loc":{"start":{"line":40,"column":4},"end":{"line":40,"column":76}},"type":"if","locations":[{"start":{"line":40,"column":4},"end":{"line":40,"column":76}},{"start":{},"end":{}}],"line":40},"1":{"loc":{"start":{"line":41,"column":4},"end":{"line":41,"column":76}},"type":"if","locations":[{"start":{"line":41,"column":4},"end":{"line":41,"column":76}},{"start":{},"end":{}}],"line":41},"2":{"loc":{"start":{"line":42,"column":4},"end":{"line":42,"column":72}},"type":"if","locations":[{"start":{"line":42,"column":4},"end":{"line":42,"column":72}},{"start":{},"end":{}}],"line":42},"3":{"loc":{"start":{"line":43,"column":4},"end":{"line":47,"column":5}},"type":"if","locations":[{"start":{"line":43,"column":4},"end":{"line":47,"column":5}},{"start":{},"end":{}}],"line":43},"4":{"loc":{"start":{"line":43,"column":8},"end":{"line":43,"column":38}},"type":"binary-expr","locations":[{"start":{"line":43,"column":8},"end":{"line":43,"column":22}},{"start":{"line":43,"column":26},"end":{"line":43,"column":38}}],"line":43},"5":{"loc":{"start":{"line":45,"column":6},"end":{"line":45,"column":72}},"type":"if","locations":[{"start":{"line":45,"column":6},"end":{"line":45,"column":72}},{"start":{},"end":{}}],"line":45},"6":{"loc":{"start":{"line":46,"column":6},"end":{"line":46,"column":68}},"type":"if","locations":[{"start":{"line":46,"column":6},"end":{"line":46,"column":68}},{"start":{},"end":{}}],"line":46},"7":{"loc":{"start":{"line":49,"column":32},"end":{"line":49,"column":63}},"type":"binary-expr","locations":[{"start":{"line":49,"column":32},"end":{"line":49,"column":57}},{"start":{"line":49,"column":61},"end":{"line":49,"column":63}}],"line":49}},"s":{"0":6,"1":6,"2":6,"3":6,"4":6,"5":6,"6":2,"7":2,"8":2,"9":0,"10":2,"11":1,"12":2,"13":0,"14":2,"15":0,"16":0,"17":0,"18":0,"19":0,"20":2,"21":2,"22":2,"23":0,"24":6},"f":{"0":2},"b":{"0":[0,2],"1":[1,1],"2":[0,2],"3":[0,2],"4":[2,2],"5":[0,0],"6":[0,0],"7":[2,1]},"_coverageSchema":"1a1c01bbd47fc00a2c39e90264f33305004495a9","hash":"32b09b0c2a3e64d07870b915cd2c1ff44571aad4"}
,"/Users/olabe/Documents/GitHub/Infra-oldevops/infra-oldevops/app-demo/backend/src/routes/prices.js": {"path":"/Users/olabe/Documents/GitHub/Infra-oldevops/infra-oldevops/app-demo/backend/src/routes/prices.js","statementMap":{"0":{"start":{"line":1,"column":19},"end":{"line":1,"column":37}},"1":{"start":{"line":2,"column":14},"end":{"line":2,"column":28}},"2":{"start":{"line":3,"column":25},"end":{"line":3,"column":50}},"3":{"start":{"line":4,"column":24},"end":{"line":4,"column":53}},"4":{"start":{"line":5,"column":21},"end":{"line":5,"column":54}},"5":{"start":{"line":7,"column":15},"end":{"line":7,"column":23}},"6":{"start":{"line":8,"column":15},"end":{"line":8,"column":33}},"7":{"start":{"line":10,"column":26},"end":{"line":12,"column":2}},"8":{"start":{"line":31,"column":0},"end":{"line":50,"column":2}},"9":{"start":{"line":32,"column":2},"end":{"line":49,"column":3}},"10":{"start":{"line":33,"column":18},"end":{"line":33,"column":20}},"11":{"start":{"line":34,"column":4},"end":{"line":34,"column":76}},"12":{"start":{"line":34,"column":29},"end":{"line":34,"column":76}},"13":{"start":{"line":35,"column":4},"end":{"line":35,"column":76}},"14":{"start":{"line":35,"column":29},"end":{"line":35,"column":76}},"15":{"start":{"line":37,"column":19},"end":{"line":45,"column":6}},"16":{"start":{"line":46,"column":4},"end":{"line":46,"column":20}},"17":{"start":{"line":48,"column":4},"end":{"line":48,"column":13}},"18":{"start":{"line":59,"column":0},"end":{"line":92,"column":2}},"19":{"start":{"line":60,"column":2},"end":{"line":91,"column":3}},"20":{"start":{"line":61,"column":22},"end":{"line":61,"column":52}},"21":{"start":{"line":62,"column":22},"end":{"line":62,"column":52}},"22":{"start":{"line":63,"column":22},"end":{"line":63,"column":35}},"23":{"start":{"line":65,"column":20},"end":{"line":67,"column":6}},"24":{"start":{"line":68,"column":4},"end":{"line":68,"column":75}},"25":{"start":{"line":68,"column":18},"end":{"line":68,"column":75}},"26":{"start":{"line":70,"column":22},"end":{"line":86,"column":6}},"27":{"start":{"line":88,"column":4},"end":{"line":88,"column":21}},"28":{"start":{"line":90,"column":4},"end":{"line":90,"column":13}},"29":{"start":{"line":94,"column":0},"end":{"line":94,"column":23}}},"fnMap":{"0":{"name":"(anonymous_0)","decl":{"start":{"line":31,"column":29},"end":{"line":31,"column":30}},"loc":{"start":{"line":31,"column":55},"end":{"line":50,"column":1}},"line":31},"1":{"name":"(anonymous_1)","decl":{"start":{"line":59,"column":79},"end":{"line":59,"column":80}},"loc":{"start":{"line":59,"column":105},"end":{"line":92,"column":1}},"line":59}},"branchMap":{"0":{"loc":{"start":{"line":34,"column":4},"end":{"line":34,"column":76}},"type":"if","locations":[{"start":{"line":34,"column":4},"end":{"line":34,"column":76}},{"start":{},"end":{}}],"line":34},"1":{"loc":{"start":{"line":35,"column":4},"end":{"line":35,"column":76}},"type":"if","locations":[{"start":{"line":35,"column":4},"end":{"line":35,"column":76}},{"start":{},"end":{}}],"line":35},"2":{"loc":{"start":{"line":68,"column":4},"end":{"line":68,"column":75}},"type":"if","locations":[{"start":{"line":68,"column":4},"end":{"line":68,"column":75}},{"start":{},"end":{}}],"line":68}},"s":{"0":6,"1":6,"2":6,"3":6,"4":6,"5":6,"6":6,"7":6,"8":6,"9":1,"10":1,"11":1,"12":0,"13":1,"14":0,"15":1,"16":1,"17":0,"18":6,"19":0,"20":0,"21":0,"22":0,"23":0,"24":0,"25":0,"26":0,"27":0,"28":0,"29":6},"f":{"0":1,"1":0},"b":{"0":[0,1],"1":[0,1],"2":[0,0]},"_coverageSchema":"1a1c01bbd47fc00a2c39e90264f33305004495a9","hash":"328c1f7b9c970a57354812befd3fae7bab18a4aa"}
,"/Users/olabe/Documents/GitHub/Infra-oldevops/infra-oldevops/app-demo/backend/src/routes/products.js": {"path":"/Users/olabe/Documents/GitHub/Infra-oldevops/infra-oldevops/app-demo/backend/src/routes/products.js","statementMap":{"0":{"start":{"line":1,"column":19},"end":{"line":1,"column":37}},"1":{"start":{"line":2,"column":14},"end":{"line":2,"column":28}},"2":{"start":{"line":3,"column":25},"end":{"line":3,"column":50}},"3":{"start":{"line":4,"column":24},"end":{"line":4,"column":53}},"4":{"start":{"line":5,"column":21},"end":{"line":5,"column":54}},"5":{"start":{"line":7,"column":15},"end":{"line":7,"column":23}},"6":{"start":{"line":8,"column":15},"end":{"line":8,"column":33}},"7":{"start":{"line":10,"column":22},"end":{"line":16,"column":2}},"8":{"start":{"line":18,"column":21},"end":{"line":18,"column":44}},"9":{"start":{"line":40,"column":0},"end":{"line":62,"column":2}},"10":{"start":{"line":41,"column":2},"end":{"line":61,"column":3}},"11":{"start":{"line":42,"column":17},"end":{"line":42,"column":59}},"12":{"start":{"line":43,"column":18},"end":{"line":43,"column":64}},"13":{"start":{"line":44,"column":17},"end":{"line":44,"column":35}},"14":{"start":{"line":45,"column":18},"end":{"line":45,"column":76}},"15":{"start":{"line":47,"column":30},"end":{"line":56,"column":6}},"16":{"start":{"line":58,"column":4},"end":{"line":58,"column":85}},"17":{"start":{"line":60,"column":4},"end":{"line":60,"column":13}},"18":{"start":{"line":71,"column":0},"end":{"line":82,"column":2}},"19":{"start":{"line":72,"column":2},"end":{"line":81,"column":3}},"20":{"start":{"line":73,"column":20},"end":{"line":76,"column":6}},"21":{"start":{"line":77,"column":4},"end":{"line":77,"column":78}},"22":{"start":{"line":77,"column":18},"end":{"line":77,"column":78}},"23":{"start":{"line":78,"column":4},"end":{"line":78,"column":21}},"24":{"start":{"line":80,"column":4},"end":{"line":80,"column":13}},"25":{"start":{"line":91,"column":0},"end":{"line":99,"column":2}},"26":{"start":{"line":92,"column":2},"end":{"line":98,"column":3}},"27":{"start":{"line":93,"column":20},"end":{"line":93,"column":72}},"28":{"start":{"line":94,"column":4},"end":{"line":94,"column":33}},"29":{"start":{"line":96,"column":4},"end":{"line":96,"column":89}},"30":{"start":{"line":96,"column":30},"end":{"line":96,"column":89}},"31":{"start":{"line":97,"column":4},"end":{"line":97,"column":13}},"32":{"start":{"line":108,"column":0},"end":{"line":119,"column":2}},"33":{"start":{"line":109,"column":2},"end":{"line":118,"column":3}},"34":{"start":{"line":110,"column":20},"end":{"line":113,"column":6}},"35":{"start":{"line":114,"column":4},"end":{"line":114,"column":21}},"36":{"start":{"line":116,"column":4},"end":{"line":116,"column":90}},"37":{"start":{"line":116,"column":30},"end":{"line":116,"column":90}},"38":{"start":{"line":117,"column":4},"end":{"line":117,"column":13}},"39":{"start":{"line":128,"column":0},"end":{"line":136,"column":2}},"40":{"start":{"line":129,"column":2},"end":{"line":135,"column":3}},"41":{"start":{"line":130,"column":4},"end":{"line":130,"column":75}},"42":{"start":{"line":131,"column":4},"end":{"line":131,"column":26}},"43":{"start":{"line":133,"column":4},"end":{"line":133,"column":90}},"44":{"start":{"line":133,"column":30},"end":{"line":133,"column":90}},"45":{"start":{"line":134,"column":4},"end":{"line":134,"column":13}},"46":{"start":{"line":138,"column":0},"end":{"line":138,"column":23}}},"fnMap":{"0":{"name":"(anonymous_0)","decl":{"start":{"line":40,"column":29},"end":{"line":40,"column":30}},"loc":{"start":{"line":40,"column":55},"end":{"line":62,"column":1}},"line":40},"1":{"name":"(anonymous_1)","decl":{"start":{"line":71,"column":32},"end":{"line":71,"column":33}},"loc":{"start":{"line":71,"column":58},"end":{"line":82,"column":1}},"line":71},"2":{"name":"(anonymous_2)","decl":{"start":{"line":91,"column":55},"end":{"line":91,"column":56}},"loc":{"start":{"line":91,"column":81},"end":{"line":99,"column":1}},"line":91},"3":{"name":"(anonymous_3)","decl":{"start":{"line":108,"column":56},"end":{"line":108,"column":57}},"loc":{"start":{"line":108,"column":82},"end":{"line":119,"column":1}},"line":108},"4":{"name":"(anonymous_4)","decl":{"start":{"line":128,"column":35},"end":{"line":128,"column":36}},"loc":{"start":{"line":128,"column":61},"end":{"line":136,"column":1}},"line":128}},"branchMap":{"0":{"loc":{"start":{"line":42,"column":29},"end":{"line":42,"column":58}},"type":"binary-expr","locations":[{"start":{"line":42,"column":29},"end":{"line":42,"column":53}},{"start":{"line":42,"column":57},"end":{"line":42,"column":58}}],"line":42},"1":{"loc":{"start":{"line":43,"column":32},"end":{"line":43,"column":63}},"type":"binary-expr","locations":[{"start":{"line":43,"column":32},"end":{"line":43,"column":57}},{"start":{"line":43,"column":61},"end":{"line":43,"column":63}}],"line":43},"2":{"loc":{"start":{"line":45,"column":18},"end":{"line":45,"column":76}},"type":"cond-expr","locations":[{"start":{"line":45,"column":39},"end":{"line":45,"column":71}},{"start":{"line":45,"column":74},"end":{"line":45,"column":76}}],"line":45},"3":{"loc":{"start":{"line":77,"column":4},"end":{"line":77,"column":78}},"type":"if","locations":[{"start":{"line":77,"column":4},"end":{"line":77,"column":78}},{"start":{},"end":{}}],"line":77},"4":{"loc":{"start":{"line":96,"column":4},"end":{"line":96,"column":89}},"type":"if","locations":[{"start":{"line":96,"column":4},"end":{"line":96,"column":89}},{"start":{},"end":{}}],"line":96},"5":{"loc":{"start":{"line":116,"column":4},"end":{"line":116,"column":90}},"type":"if","locations":[{"start":{"line":116,"column":4},"end":{"line":116,"column":90}},{"start":{},"end":{}}],"line":116},"6":{"loc":{"start":{"line":133,"column":4},"end":{"line":133,"column":90}},"type":"if","locations":[{"start":{"line":133,"column":4},"end":{"line":133,"column":90}},{"start":{},"end":{}}],"line":133}},"s":{"0":6,"1":6,"2":6,"3":6,"4":6,"5":6,"6":6,"7":6,"8":6,"9":6,"10":1,"11":1,"12":1,"13":1,"14":1,"15":1,"16":1,"17":0,"18":6,"19":0,"20":0,"21":0,"22":0,"23":0,"24":0,"25":6,"26":0,"27":0,"28":0,"29":0,"30":0,"31":0,"32":6,"33":0,"34":0,"35":0,"36":0,"37":0,"38":0,"39":6,"40":0,"41":0,"42":0,"43":0,"44":0,"45":0,"46":6},"f":{"0":1,"1":0,"2":0,"3":0,"4":0},"b":{"0":[1,1],"1":[1,1],"2":[0,1],"3":[0,0],"4":[0,0],"5":[0,0],"6":[0,0]},"_coverageSchema":"1a1c01bbd47fc00a2c39e90264f33305004495a9","hash":"91fdf63b348124e62323dad88e221a1db82742bc"}
,"/Users/olabe/Documents/GitHub/Infra-oldevops/infra-oldevops/app-demo/backend/src/routes/rules.js": {"path":"/Users/olabe/Documents/GitHub/Infra-oldevops/infra-oldevops/app-demo/backend/src/routes/rules.js","statementMap":{"0":{"start":{"line":1,"column":19},"end":{"line":1,"column":37}},"1":{"start":{"line":2,"column":14},"end":{"line":2,"column":28}},"2":{"start":{"line":3,"column":25},"end":{"line":3,"column":50}},"3":{"start":{"line":4,"column":24},"end":{"line":4,"column":53}},"4":{"start":{"line":5,"column":21},"end":{"line":5,"column":54}},"5":{"start":{"line":7,"column":15},"end":{"line":7,"column":23}},"6":{"start":{"line":8,"column":15},"end":{"line":8,"column":33}},"7":{"start":{"line":10,"column":19},"end":{"line":19,"column":2}},"8":{"start":{"line":21,"column":25},"end":{"line":21,"column":45}},"9":{"start":{"line":30,"column":0},"end":{"line":42,"column":2}},"10":{"start":{"line":31,"column":2},"end":{"line":41,"column":3}},"11":{"start":{"line":32,"column":18},"end":{"line":37,"column":6}},"12":{"start":{"line":38,"column":4},"end":{"line":38,"column":19}},"13":{"start":{"line":40,"column":4},"end":{"line":40,"column":13}},"14":{"start":{"line":51,"column":0},"end":{"line":67,"column":2}},"15":{"start":{"line":52,"column":2},"end":{"line":66,"column":3}},"16":{"start":{"line":53,"column":42},"end":{"line":53,"column":55}},"17":{"start":{"line":54,"column":17},"end":{"line":62,"column":6}},"18":{"start":{"line":63,"column":4},"end":{"line":63,"column":30}},"19":{"start":{"line":65,"column":4},"end":{"line":65,"column":13}},"20":{"start":{"line":76,"column":0},"end":{"line":93,"column":2}},"21":{"start":{"line":77,"column":2},"end":{"line":92,"column":3}},"22":{"start":{"line":78,"column":42},"end":{"line":78,"column":55}},"23":{"start":{"line":79,"column":17},"end":{"line":79,"column":28}},"24":{"start":{"line":80,"column":4},"end":{"line":80,"column":84}},"25":{"start":{"line":80,"column":32},"end":{"line":80,"column":84}},"26":{"start":{"line":81,"column":4},"end":{"line":81,"column":76}},"27":{"start":{"line":81,"column":30},"end":{"line":81,"column":76}},"28":{"start":{"line":83,"column":17},"end":{"line":87,"column":6}},"29":{"start":{"line":88,"column":4},"end":{"line":88,"column":18}},"30":{"start":{"line":90,"column":4},"end":{"line":90,"column":89}},"31":{"start":{"line":90,"column":30},"end":{"line":90,"column":89}},"32":{"start":{"line":91,"column":4},"end":{"line":91,"column":13}},"33":{"start":{"line":102,"column":0},"end":{"line":110,"column":2}},"34":{"start":{"line":103,"column":2},"end":{"line":109,"column":3}},"35":{"start":{"line":104,"column":4},"end":{"line":104,"column":79}},"36":{"start":{"line":105,"column":4},"end":{"line":105,"column":26}},"37":{"start":{"line":107,"column":4},"end":{"line":107,"column":89}},"38":{"start":{"line":107,"column":30},"end":{"line":107,"column":89}},"39":{"start":{"line":108,"column":4},"end":{"line":108,"column":13}},"40":{"start":{"line":112,"column":0},"end":{"line":112,"column":23}}},"fnMap":{"0":{"name":"(anonymous_0)","decl":{"start":{"line":30,"column":29},"end":{"line":30,"column":30}},"loc":{"start":{"line":30,"column":55},"end":{"line":42,"column":1}},"line":30},"1":{"name":"(anonymous_1)","decl":{"start":{"line":51,"column":52},"end":{"line":51,"column":53}},"loc":{"start":{"line":51,"column":78},"end":{"line":67,"column":1}},"line":51},"2":{"name":"(anonymous_2)","decl":{"start":{"line":76,"column":60},"end":{"line":76,"column":61}},"loc":{"start":{"line":76,"column":86},"end":{"line":93,"column":1}},"line":76},"3":{"name":"(anonymous_3)","decl":{"start":{"line":102,"column":35},"end":{"line":102,"column":36}},"loc":{"start":{"line":102,"column":61},"end":{"line":110,"column":1}},"line":102}},"branchMap":{"0":{"loc":{"start":{"line":57,"column":18},"end":{"line":57,"column":54}},"type":"cond-expr","locations":[{"start":{"line":57,"column":29},"end":{"line":57,"column":47}},{"start":{"line":57,"column":50},"end":{"line":57,"column":54}}],"line":57},"1":{"loc":{"start":{"line":58,"column":16},"end":{"line":58,"column":48}},"type":"cond-expr","locations":[{"start":{"line":58,"column":25},"end":{"line":58,"column":41}},{"start":{"line":58,"column":44},"end":{"line":58,"column":48}}],"line":58},"2":{"loc":{"start":{"line":80,"column":4},"end":{"line":80,"column":84}},"type":"if","locations":[{"start":{"line":80,"column":4},"end":{"line":80,"column":84}},{"start":{},"end":{}}],"line":80},"3":{"loc":{"start":{"line":80,"column":48},"end":{"line":80,"column":84}},"type":"cond-expr","locations":[{"start":{"line":80,"column":59},"end":{"line":80,"column":77}},{"start":{"line":80,"column":80},"end":{"line":80,"column":84}}],"line":80},"4":{"loc":{"start":{"line":81,"column":4},"end":{"line":81,"column":76}},"type":"if","locations":[{"start":{"line":81,"column":4},"end":{"line":81,"column":76}},{"start":{},"end":{}}],"line":81},"5":{"loc":{"start":{"line":81,"column":44},"end":{"line":81,"column":76}},"type":"cond-expr","locations":[{"start":{"line":81,"column":53},"end":{"line":81,"column":69}},{"start":{"line":81,"column":72},"end":{"line":81,"column":76}}],"line":81},"6":{"loc":{"start":{"line":90,"column":4},"end":{"line":90,"column":89}},"type":"if","locations":[{"start":{"line":90,"column":4},"end":{"line":90,"column":89}},{"start":{},"end":{}}],"line":90},"7":{"loc":{"start":{"line":107,"column":4},"end":{"line":107,"column":89}},"type":"if","locations":[{"start":{"line":107,"column":4},"end":{"line":107,"column":89}},{"start":{},"end":{}}],"line":107}},"s":{"0":6,"1":6,"2":6,"3":6,"4":6,"5":6,"6":6,"7":6,"8":6,"9":6,"10":0,"11":0,"12":0,"13":0,"14":6,"15":0,"16":0,"17":0,"18":0,"19":0,"20":6,"21":0,"22":0,"23":0,"24":0,"25":0,"26":0,"27":0,"28":0,"29":0,"30":0,"31":0,"32":0,"33":6,"34":0,"35":0,"36":0,"37":0,"38":0,"39":0,"40":6},"f":{"0":0,"1":0,"2":0,"3":0},"b":{"0":[0,0],"1":[0,0],"2":[0,0],"3":[0,0],"4":[0,0],"5":[0,0],"6":[0,0],"7":[0,0]},"_coverageSchema":"1a1c01bbd47fc00a2c39e90264f33305004495a9","hash":"3666a531f1f03cd5e786210838cd4483b873a785"}
,"/Users/olabe/Documents/GitHub/Infra-oldevops/infra-oldevops/app-demo/backend/src/routes/sync.js": {"path":"/Users/olabe/Documents/GitHub/Infra-oldevops/infra-oldevops/app-demo/backend/src/routes/sync.js","statementMap":{"0":{"start":{"line":1,"column":19},"end":{"line":1,"column":37}},"1":{"start":{"line":2,"column":24},"end":{"line":2,"column":53}},"2":{"start":{"line":3,"column":20},"end":{"line":3,"column":54}},"3":{"start":{"line":5,"column":15},"end":{"line":5,"column":23}},"4":{"start":{"line":25,"column":0},"end":{"line":32,"column":2}},"5":{"start":{"line":26,"column":2},"end":{"line":31,"column":3}},"6":{"start":{"line":27,"column":19},"end":{"line":27,"column":45}},"7":{"start":{"line":28,"column":4},"end":{"line":28,"column":20}},"8":{"start":{"line":30,"column":4},"end":{"line":30,"column":13}},"9":{"start":{"line":34,"column":0},"end":{"line":34,"column":23}}},"fnMap":{"0":{"name":"(anonymous_0)","decl":{"start":{"line":25,"column":30},"end":{"line":25,"column":31}},"loc":{"start":{"line":25,"column":56},"end":{"line":32,"column":1}},"line":25}},"branchMap":{},"s":{"0":6,"1":6,"2":6,"3":6,"4":6,"5":1,"6":1,"7":1,"8":0,"9":6},"f":{"0":1},"b":{},"_coverageSchema":"1a1c01bbd47fc00a2c39e90264f33305004495a9","hash":"511045e95a8712c30aa510decd003d5087391484"}
,"/Users/olabe/Documents/GitHub/Infra-oldevops/infra-oldevops/app-demo/backend/src/services/syncService.js": {"path":"/Users/olabe/Documents/GitHub/Infra-oldevops/infra-oldevops/app-demo/backend/src/services/syncService.js","statementMap":{"0":{"start":{"line":1,"column":25},"end":{"line":1,"column":50}},"1":{"start":{"line":3,"column":15},"end":{"line":3,"column":33}},"2":{"start":{"line":6,"column":14},"end":{"line":6,"column":24}},"3":{"start":{"line":8,"column":16},"end":{"line":14,"column":4}},"4":{"start":{"line":16,"column":16},"end":{"line":16,"column":17}},"5":{"start":{"line":17,"column":18},"end":{"line":17,"column":19}},"6":{"start":{"line":19,"column":2},"end":{"line":64,"column":3}},"7":{"start":{"line":20,"column":21},"end":{"line":22,"column":39}},"8":{"start":{"line":24,"column":4},"end":{"line":63,"column":5}},"9":{"start":{"line":25,"column":6},"end":{"line":62,"column":7}},"10":{"start":{"line":26,"column":24},"end":{"line":28,"column":10}},"11":{"start":{"line":29,"column":8},"end":{"line":29,"column":30}},"12":{"start":{"line":29,"column":22},"end":{"line":29,"column":30}},"13":{"start":{"line":32,"column":27},"end":{"line":32,"column":52}},"14":{"start":{"line":33,"column":8},"end":{"line":37,"column":9}},"15":{"start":{"line":34,"column":10},"end":{"line":34,"column":68}},"16":{"start":{"line":36,"column":10},"end":{"line":36,"column":56}},"17":{"start":{"line":38,"column":8},"end":{"line":38,"column":64}},"18":{"start":{"line":40,"column":8},"end":{"line":43,"column":9}},"19":{"start":{"line":41,"column":10},"end":{"line":41,"column":21}},"20":{"start":{"line":42,"column":10},"end":{"line":42,"column":18}},"21":{"start":{"line":45,"column":8},"end":{"line":60,"column":10}},"22":{"start":{"line":61,"column":8},"end":{"line":61,"column":17}},"23":{"start":{"line":66,"column":2},"end":{"line":66,"column":49}},"24":{"start":{"line":69,"column":0},"end":{"line":69,"column":28}}},"fnMap":{"0":{"name":"runSync","decl":{"start":{"line":5,"column":15},"end":{"line":5,"column":22}},"loc":{"start":{"line":5,"column":42},"end":{"line":67,"column":1}},"line":5}},"branchMap":{"0":{"loc":{"start":{"line":20,"column":21},"end":{"line":22,"column":39}},"type":"cond-expr","locations":[{"start":{"line":21,"column":8},"end":{"line":21,"column":81}},{"start":{"line":22,"column":8},"end":{"line":22,"column":39}}],"line":20},"1":{"loc":{"start":{"line":29,"column":8},"end":{"line":29,"column":30}},"type":"if","locations":[{"start":{"line":29,"column":8},"end":{"line":29,"column":30}},{"start":{},"end":{}}],"line":29},"2":{"loc":{"start":{"line":33,"column":8},"end":{"line":37,"column":9}},"type":"if","locations":[{"start":{"line":33,"column":8},"end":{"line":37,"column":9}},{"start":{"line":35,"column":15},"end":{"line":37,"column":9}}],"line":33},"3":{"loc":{"start":{"line":40,"column":8},"end":{"line":43,"column":9}},"type":"if","locations":[{"start":{"line":40,"column":8},"end":{"line":43,"column":9}},{"start":{},"end":{}}],"line":40}},"s":{"0":6,"1":6,"2":1,"3":1,"4":1,"5":1,"6":1,"7":0,"8":0,"9":0,"10":0,"11":0,"12":0,"13":0,"14":0,"15":0,"16":0,"17":0,"18":0,"19":0,"20":0,"21":0,"22":0,"23":1,"24":6},"f":{"0":1},"b":{"0":[0,0],"1":[0,0],"2":[0,0],"3":[0,0]},"_coverageSchema":"1a1c01bbd47fc00a2c39e90264f33305004495a9","hash":"e79945cb801da6b4a77f6781984a37c8d4677ca9"}
,"/Users/olabe/Documents/GitHub/Infra-oldevops/infra-oldevops/app-demo/backend/src/utils/jwt.js": {"path":"/Users/olabe/Documents/GitHub/Infra-oldevops/infra-oldevops/app-demo/backend/src/utils/jwt.js","statementMap":{"0":{"start":{"line":1,"column":12},"end":{"line":1,"column":35}},"1":{"start":{"line":3,"column":15},"end":{"line":3,"column":63}},"2":{"start":{"line":4,"column":19},"end":{"line":4,"column":54}},"3":{"start":{"line":7,"column":2},"end":{"line":7,"column":61}},"4":{"start":{"line":11,"column":2},"end":{"line":11,"column":34}},"5":{"start":{"line":14,"column":0},"end":{"line":14,"column":43}}},"fnMap":{"0":{"name":"signToken","decl":{"start":{"line":6,"column":9},"end":{"line":6,"column":18}},"loc":{"start":{"line":6,"column":28},"end":{"line":8,"column":1}},"line":6},"1":{"name":"verifyToken","decl":{"start":{"line":10,"column":9},"end":{"line":10,"column":20}},"loc":{"start":{"line":10,"column":28},"end":{"line":12,"column":1}},"line":10}},"branchMap":{"0":{"loc":{"start":{"line":3,"column":15},"end":{"line":3,"column":63}},"type":"binary-expr","locations":[{"start":{"line":3,"column":15},"end":{"line":3,"column":37}},{"start":{"line":3,"column":41},"end":{"line":3,"column":63}}],"line":3},"1":{"loc":{"start":{"line":4,"column":19},"end":{"line":4,"column":54}},"type":"binary-expr","locations":[{"start":{"line":4,"column":19},"end":{"line":4,"column":45}},{"start":{"line":4,"column":49},"end":{"line":4,"column":54}}],"line":4}},"s":{"0":6,"1":6,"2":6,"3":4,"4":7,"5":6},"f":{"0":4,"1":7},"b":{"0":[6,6],"1":[6,6]},"_coverageSchema":"1a1c01bbd47fc00a2c39e90264f33305004495a9","hash":"44d6e21e50d94d8f71472d7f9b3a9001d7b451e5"}
}
