TN:
SF:src/server.js
FN:20,(anonymous_0)
FN:168,(anonymous_1)
FNF:2
FNH:1
FNDA:1,(anonymous_0)
FNDA:0,(anonymous_1)
DA:1,6
DA:2,6
DA:3,6
DA:4,6
DA:6,6
DA:7,6
DA:8,6
DA:9,6
DA:10,6
DA:11,6
DA:12,6
DA:14,6
DA:16,6
DA:17,6
DA:20,6
DA:21,1
DA:25,6
DA:152,6
DA:155,6
DA:156,6
DA:157,6
DA:158,6
DA:159,6
DA:160,6
DA:161,6
DA:163,6
DA:165,6
DA:167,6
DA:168,0
DA:169,0
DA:170,0
DA:174,6
LF:32
LH:29
BRDA:16,0,0,6
BRDA:16,0,1,6
BRDA:165,1,0,6
BRDA:165,1,1,6
BRDA:167,2,0,0
BRDA:167,2,1,6
BRF:6
BRH:5
end_of_record
TN:
SF:src/middleware/auth.js
FN:3,requireAuth
FNF:1
FNH:1
FNDA:12,requireAuth
DA:1,6
DA:4,12
DA:5,12
DA:6,5
DA:8,7
DA:9,7
DA:10,7
DA:12,0
DA:16,6
LF:9
LH:8
BRDA:5,0,0,5
BRDA:5,0,1,7
BRDA:5,1,0,12
BRDA:5,1,1,7
BRF:4
BRH:4
end_of_record
TN:
SF:src/middleware/errorHandler.js
FN:1,errorHandler
FNF:1
FNH:0
FNDA:0,errorHandler
DA:2,0
DA:3,0
DA:4,0
DA:7,6
LF:4
LH:1
BRDA:3,0,0,0
BRDA:3,0,1,0
BRDA:4,1,0,0
BRDA:4,1,1,0
BRF:4
BRH:0
end_of_record
TN:
SF:src/middleware/validate.js
FN:1,validate
FN:2,(anonymous_1)
FNF:2
FNH:2
FNDA:42,validate
FNDA:5,(anonymous_1)
DA:2,42
DA:3,5
DA:4,5
DA:5,4
DA:10,1
DA:11,1
DA:15,6
LF:7
LH:7
BRDA:4,0,0,4
BRDA:4,0,1,1
BRF:2
BRH:2
end_of_record
TN:
SF:src/routes/auth.js
FN:43,(anonymous_0)
FN:64,(anonymous_1)
FNF:2
FNH:1
FNDA:1,(anonymous_0)
FNDA:0,(anonymous_1)
DA:1,6
DA:2,6
DA:3,6
DA:4,6
DA:5,6
DA:6,6
DA:8,6
DA:9,6
DA:11,6
DA:16,6
DA:43,6
DA:44,1
DA:45,1
DA:46,1
DA:47,1
DA:48,1
DA:50,0
DA:51,0
DA:53,0
DA:64,6
DA:65,0
DA:66,0
DA:67,0
DA:68,0
DA:69,0
DA:70,0
DA:71,0
DA:72,0
DA:74,0
DA:78,6
LF:30
LH:18
BRDA:47,0,0,1
BRDA:47,0,1,0
BRDA:47,1,0,1
BRDA:47,1,1,1
BRDA:68,2,0,0
BRDA:68,2,1,0
BRF:6
BRH:3
end_of_record
TN:
SF:src/routes/channels.js
FN:18,(anonymous_0)
FNF:1
FNH:0
FNDA:0,(anonymous_0)
DA:1,6
DA:2,6
DA:3,6
DA:5,6
DA:6,6
DA:18,6
DA:19,0
DA:20,0
DA:23,0
DA:25,0
DA:29,6
LF:11
LH:7
BRF:0
BRH:0
end_of_record
TN:
SF:src/routes/history.js
FN:37,(anonymous_0)
FNF:1
FNH:1
FNDA:2,(anonymous_0)
DA:1,6
DA:2,6
DA:3,6
DA:5,6
DA:6,6
DA:37,6
DA:38,2
DA:39,2
DA:40,2
DA:41,2
DA:42,2
DA:43,2
DA:44,0
DA:45,0
DA:46,0
DA:49,2
DA:51,2
DA:61,2
DA:63,0
DA:67,6
LF:20
LH:16
BRDA:40,0,0,0
BRDA:40,0,1,2
BRDA:41,1,0,1
BRDA:41,1,1,1
BRDA:42,2,0,0
BRDA:42,2,1,2
BRDA:43,3,0,0
BRDA:43,3,1,2
BRDA:43,4,0,2
BRDA:43,4,1,2
BRDA:45,5,0,0
BRDA:45,5,1,0
BRDA:46,6,0,0
BRDA:46,6,1,0
BRDA:49,7,0,2
BRDA:49,7,1,1
BRF:16
BRH:9
end_of_record
TN:
SF:src/routes/prices.js
FN:31,(anonymous_0)
FN:59,(anonymous_1)
FNF:2
FNH:1
FNDA:1,(anonymous_0)
FNDA:0,(anonymous_1)
DA:1,6
DA:2,6
DA:3,6
DA:4,6
DA:5,6
DA:7,6
DA:8,6
DA:10,6
DA:31,6
DA:32,1
DA:33,1
DA:34,1
DA:35,1
DA:37,1
DA:46,1
DA:48,0
DA:59,6
DA:60,0
DA:61,0
DA:62,0
DA:63,0
DA:65,0
DA:68,0
DA:70,0
DA:88,0
DA:90,0
DA:94,6
LF:27
LH:17
BRDA:34,0,0,0
BRDA:34,0,1,1
BRDA:35,1,0,0
BRDA:35,1,1,1
BRDA:68,2,0,0
BRDA:68,2,1,0
BRF:6
BRH:2
end_of_record
TN:
SF:src/routes/products.js
FN:40,(anonymous_0)
FN:71,(anonymous_1)
FN:91,(anonymous_2)
FN:108,(anonymous_3)
FN:128,(anonymous_4)
FNF:5
FNH:1
FNDA:1,(anonymous_0)
FNDA:0,(anonymous_1)
FNDA:0,(anonymous_2)
FNDA:0,(anonymous_3)
FNDA:0,(anonymous_4)
DA:1,6
DA:2,6
DA:3,6
DA:4,6
DA:5,6
DA:7,6
DA:8,6
DA:10,6
DA:18,6
DA:40,6
DA:41,1
DA:42,1
DA:43,1
DA:44,1
DA:45,1
DA:47,1
DA:58,1
DA:60,0
DA:71,6
DA:72,0
DA:73,0
DA:77,0
DA:78,0
DA:80,0
DA:91,6
DA:92,0
DA:93,0
DA:94,0
DA:96,0
DA:97,0
DA:108,6
DA:109,0
DA:110,0
DA:114,0
DA:116,0
DA:117,0
DA:128,6
DA:129,0
DA:130,0
DA:131,0
DA:133,0
DA:134,0
DA:138,6
LF:43
LH:22
BRDA:42,0,0,1
BRDA:42,0,1,1
BRDA:43,1,0,1
BRDA:43,1,1,1
BRDA:45,2,0,0
BRDA:45,2,1,1
BRDA:77,3,0,0
BRDA:77,3,1,0
BRDA:96,4,0,0
BRDA:96,4,1,0
BRDA:116,5,0,0
BRDA:116,5,1,0
BRDA:133,6,0,0
BRDA:133,6,1,0
BRF:14
BRH:5
end_of_record
TN:
SF:src/routes/rules.js
FN:30,(anonymous_0)
FN:51,(anonymous_1)
FN:76,(anonymous_2)
FN:102,(anonymous_3)
FNF:4
FNH:0
FNDA:0,(anonymous_0)
FNDA:0,(anonymous_1)
FNDA:0,(anonymous_2)
FNDA:0,(anonymous_3)
DA:1,6
DA:2,6
DA:3,6
DA:4,6
DA:5,6
DA:7,6
DA:8,6
DA:10,6
DA:21,6
DA:30,6
DA:31,0
DA:32,0
DA:38,0
DA:40,0
DA:51,6
DA:52,0
DA:53,0
DA:54,0
DA:63,0
DA:65,0
DA:76,6
DA:77,0
DA:78,0
DA:79,0
DA:80,0
DA:81,0
DA:83,0
DA:88,0
DA:90,0
DA:91,0
DA:102,6
DA:103,0
DA:104,0
DA:105,0
DA:107,0
DA:108,0
DA:112,6
LF:37
LH:14
BRDA:57,0,0,0
BRDA:57,0,1,0
BRDA:58,1,0,0
BRDA:58,1,1,0
BRDA:80,2,0,0
BRDA:80,2,1,0
BRDA:80,3,0,0
BRDA:80,3,1,0
BRDA:81,4,0,0
BRDA:81,4,1,0
BRDA:81,5,0,0
BRDA:81,5,1,0
BRDA:90,6,0,0
BRDA:90,6,1,0
BRDA:107,7,0,0
BRDA:107,7,1,0
BRF:16
BRH:0
end_of_record
TN:
SF:src/routes/sync.js
FN:25,(anonymous_0)
FNF:1
FNH:1
FNDA:1,(anonymous_0)
DA:1,6
DA:2,6
DA:3,6
DA:5,6
DA:25,6
DA:26,1
DA:27,1
DA:28,1
DA:30,0
DA:34,6
LF:10
LH:9
BRF:0
BRH:0
end_of_record
TN:
SF:src/services/syncService.js
FN:5,runSync
FNF:1
FNH:1
FNDA:1,runSync
DA:1,6
DA:3,6
DA:6,1
DA:8,1
DA:16,1
DA:17,1
DA:19,1
DA:20,0
DA:24,0
DA:25,0
DA:26,0
DA:29,0
DA:32,0
DA:33,0
DA:34,0
DA:36,0
DA:38,0
DA:40,0
DA:41,0
DA:42,0
DA:45,0
DA:61,0
DA:66,1
DA:69,6
LF:24
LH:9
BRDA:20,0,0,0
BRDA:20,0,1,0
BRDA:29,1,0,0
BRDA:29,1,1,0
BRDA:33,2,0,0
BRDA:33,2,1,0
BRDA:40,3,0,0
BRDA:40,3,1,0
BRF:8
BRH:0
end_of_record
TN:
SF:src/utils/jwt.js
FN:6,signToken
FN:10,verifyToken
FNF:2
FNH:2
FNDA:4,signToken
FNDA:7,verifyToken
DA:1,6
DA:3,6
DA:4,6
DA:7,4
DA:11,7
DA:14,6
LF:6
LH:6
BRDA:3,0,0,6
BRDA:3,0,1,6
BRDA:4,1,0,6
BRDA:4,1,1,6
BRF:4
BRH:4
end_of_record
