TN:
SF:src/App.jsx
FN:1,(empty-report)
FNF:1
FNH:0
FNDA:0,(empty-report)
DA:1,0
DA:16,0
DA:18,0
DA:19,0
DA:20,0
DA:22,0
DA:24,0
DA:25,0
DA:26,0
DA:27,0
DA:29,0
DA:30,0
DA:31,0
DA:32,0
DA:33,0
DA:36,0
DA:37,0
DA:38,0
DA:39,0
DA:40,0
DA:41,0
DA:42,0
DA:43,0
DA:44,0
DA:45,0
DA:46,0
DA:47,0
DA:48,0
DA:49,0
DA:50,0
DA:51,0
DA:52,0
DA:53,0
DA:54,0
DA:55,0
DA:56,0
DA:57,0
DA:58,0
DA:59,0
DA:60,0
DA:62,0
DA:63,0
DA:64,0
DA:66,0
LF:44
LH:0
BRDA:1,0,0,0
BRF:1
BRH:0
end_of_record
TN:
SF:src/main.jsx
FN:1,(empty-report)
FNF:1
FNH:0
FNDA:0,(empty-report)
DA:1,0
DA:2,0
DA:3,0
DA:4,0
DA:5,0
DA:7,0
DA:8,0
DA:9,0
DA:10,0
DA:11,0
DA:12,0
DA:13,0
LF:12
LH:0
BRDA:1,0,0,0
BRF:1
BRH:0
end_of_record
TN:
SF:src/components/KpiCard.jsx
FN:1,KpiCard
FNF:1
FNH:1
FNDA:55,KpiCard
DA:1,55
DA:2,55
DA:3,55
DA:4,55
DA:5,55
DA:6,55
DA:7,55
DA:8,55
DA:9,55
DA:10,55
DA:11,55
DA:12,55
DA:13,55
DA:14,55
DA:15,55
DA:17,55
LF:16
LH:16
BRDA:1,0,0,55
BRDA:8,1,0,0
BRDA:13,2,0,0
BRF:3
BRH:1
end_of_record
TN:
SF:src/components/Navbar.jsx
FN:1,(empty-report)
FNF:1
FNH:0
FNDA:0,(empty-report)
DA:1,0
DA:3,0
DA:4,0
DA:6,0
DA:7,0
DA:8,0
DA:9,0
DA:11,0
DA:12,0
DA:13,0
DA:14,0
DA:15,0
DA:16,0
DA:17,0
DA:18,0
DA:19,0
DA:20,0
DA:21,0
DA:22,0
DA:23,0
DA:24,0
DA:26,0
DA:27,0
DA:28,0
DA:29,0
DA:30,0
DA:31,0
DA:32,0
DA:33,0
DA:34,0
DA:35,0
DA:36,0
DA:37,0
DA:38,0
DA:39,0
DA:40,0
DA:41,0
DA:42,0
DA:43,0
DA:44,0
DA:45,0
DA:46,0
DA:47,0
DA:48,0
DA:50,0
DA:51,0
DA:52,0
DA:53,0
DA:54,0
DA:55,0
DA:56,0
DA:57,0
DA:58,0
DA:59,0
DA:60,0
DA:61,0
DA:62,0
DA:63,0
DA:64,0
DA:65,0
DA:66,0
DA:68,0
DA:69,0
DA:70,0
DA:72,0
LF:65
LH:0
BRDA:1,0,0,0
BRF:1
BRH:0
end_of_record
TN:
SF:src/components/PriceMatrix.jsx
FN:5,PriceMatrix
FN:9,getPrice
FN:13,startEdit
FN:18,commitEdit
FN:26,getDeltaPct
FN:71,onChange
FN:72,onBlur
FN:73,onKeyDown
FN:79,onDoubleClick
FNF:9
FNH:3
FNDA:4,PriceMatrix
FNDA:8,getPrice
FNDA:0,startEdit
FNDA:0,commitEdit
FNDA:8,getDeltaPct
FNDA:0,onChange
FNDA:0,onBlur
FNDA:0,onKeyDown
FNDA:0,onDoubleClick
DA:1,1
DA:5,4
DA:6,4
DA:7,4
DA:9,4
DA:10,8
DA:11,8
DA:13,4
DA:14,0
DA:15,0
DA:16,0
DA:18,4
DA:19,0
DA:20,0
DA:21,0
DA:22,0
DA:23,0
DA:24,0
DA:26,4
DA:27,8
DA:28,8
DA:29,8
DA:31,4
DA:32,4
DA:33,4
DA:34,4
DA:35,4
DA:36,4
DA:37,4
DA:38,4
DA:39,4
DA:40,4
DA:41,8
DA:42,8
DA:43,8
DA:44,8
DA:45,4
DA:46,4
DA:47,4
DA:48,4
DA:49,4
DA:50,4
DA:51,4
DA:52,4
DA:53,4
DA:54,4
DA:55,4
DA:56,4
DA:57,4
DA:58,4
DA:59,8
DA:60,8
DA:61,8
DA:62,8
DA:63,8
DA:64,8
DA:65,8
DA:66,0
DA:67,0
DA:68,0
DA:69,0
DA:70,0
DA:71,0
DA:72,0
DA:73,0
DA:74,0
DA:75,0
DA:77,8
DA:78,8
DA:79,8
DA:80,8
DA:82,8
DA:83,8
DA:84,8
DA:85,8
DA:86,8
DA:89,0
DA:91,8
DA:93,4
DA:94,4
DA:95,4
DA:96,4
DA:97,4
DA:99,4
DA:100,4
DA:101,4
DA:102,4
DA:104,4
DA:106,1
DA:107,1
DA:108,1
DA:109,1
DA:110,1
DA:111,1
DA:112,1
DA:113,1
DA:114,1
DA:115,1
DA:117,1
DA:118,1
DA:119,1
DA:120,1
DA:121,1
LF:103
LH:83
BRDA:5,0,0,4
BRDA:9,1,0,8
BRDA:10,2,0,12
BRDA:26,3,0,8
BRDA:40,4,0,8
BRDA:50,5,0,4
BRDA:53,6,0,0
BRDA:58,7,0,8
BRDA:60,8,0,0
BRDA:60,9,0,0
BRDA:61,10,0,0
BRDA:65,11,0,0
BRDA:83,12,0,4
BRDA:83,13,0,4
BRDA:84,14,0,4
BRDA:84,15,0,4
BRDA:86,16,0,0
BRF:17
BRH:11
end_of_record
TN:
SF:src/components/ProtectedRoute.jsx
FN:1,(empty-report)
FNF:1
FNH:0
FNDA:0,(empty-report)
DA:1,0
DA:3,0
DA:4,0
DA:5,0
DA:6,0
LF:5
LH:0
BRDA:1,0,0,0
BRF:1
BRH:0
end_of_record
TN:
SF:src/components/RuleForm.jsx
FN:3,RuleForm
FN:13,set
FN:17,toggleId
FN:26,handleSubmit
FN:41,onChange
FN:46,onChange
FN:55,onChange
FN:63,onChange
FN:76,onChange
FN:83,onChange
FNF:10
FNH:3
FNDA:5,RuleForm
FNDA:1,set
FNDA:0,toggleId
FNDA:0,handleSubmit
FNDA:0,onChange
FNDA:0,onChange
FNDA:1,onChange
FNDA:0,onChange
FNDA:0,onChange
FNDA:0,onChange
DA:1,1
DA:3,5
DA:4,5
DA:5,5
DA:6,5
DA:7,5
DA:8,5
DA:9,5
DA:10,5
DA:11,5
DA:13,5
DA:14,1
DA:15,1
DA:17,5
DA:18,0
DA:19,0
DA:20,0
DA:21,0
DA:22,0
DA:23,0
DA:24,0
DA:26,5
DA:27,0
DA:28,0
DA:29,0
DA:30,0
DA:32,5
DA:33,5
DA:34,5
DA:35,5
DA:37,5
DA:38,5
DA:39,5
DA:40,5
DA:41,5
DA:42,5
DA:43,5
DA:44,5
DA:45,5
DA:46,5
DA:47,5
DA:48,5
DA:49,5
DA:50,5
DA:51,5
DA:52,5
DA:53,5
DA:54,5
DA:55,5
DA:56,5
DA:57,5
DA:58,5
DA:59,5
DA:60,5
DA:61,5
DA:62,10
DA:63,10
DA:64,10
DA:65,10
DA:66,5
DA:67,5
DA:68,5
DA:69,5
DA:70,5
DA:71,5
DA:72,5
DA:73,5
DA:74,5
DA:75,10
DA:76,10
DA:77,10
DA:78,10
DA:79,5
DA:80,5
DA:81,5
DA:82,5
DA:83,5
DA:85,5
DA:87,5
DA:88,1
DA:89,1
DA:90,1
DA:91,1
DA:92,1
DA:93,1
DA:94,1
DA:95,1
DA:97,5
DA:98,5
DA:100,5
DA:101,5
DA:102,5
DA:103,5
DA:104,5
DA:105,5
DA:107,5
LF:96
LH:85
BRDA:3,0,0,5
BRDA:53,1,0,0
BRDA:87,2,0,1
BRDA:92,3,0,0
BRDA:102,4,0,0
BRDA:13,5,0,1
BRDA:14,6,0,1
BRDA:55,7,0,1
BRDA:61,8,0,10
BRDA:74,9,0,10
BRF:10
BRH:7
end_of_record
TN:
SF:src/components/SyncStatusBadge.jsx
FN:3,SyncStatusBadge
FNF:1
FNH:1
FNDA:9,SyncStatusBadge
DA:1,1
DA:3,9
DA:4,9
DA:5,9
DA:6,9
DA:7,9
DA:8,9
DA:9,9
DA:10,9
DA:11,9
DA:12,9
DA:13,9
DA:14,9
DA:15,9
DA:17,9
LF:15
LH:15
BRDA:3,0,0,9
BRDA:12,1,0,0
BRDA:14,2,0,0
BRF:3
BRH:1
end_of_record
TN:
SF:src/hooks/useApi.js
FN:5,useApi
FNF:1
FNH:1
FNDA:9,useApi
DA:1,1
DA:3,1
DA:5,1
DA:6,9
DA:7,9
DA:9,9
DA:10,4
DA:11,4
DA:12,4
DA:13,4
DA:14,4
DA:15,4
DA:16,4
DA:17,4
DA:18,4
DA:19,4
DA:20,4
DA:21,4
DA:22,4
DA:23,3
DA:24,4
DA:25,1
DA:26,1
DA:27,4
DA:28,4
DA:29,4
DA:30,9
DA:32,9
DA:33,9
DA:34,9
DA:35,9
DA:37,9
DA:38,9
LF:33
LH:33
BRDA:5,0,0,9
BRDA:9,1,0,4
BRDA:17,2,0,3
BRDA:17,3,0,1
BRDA:19,4,0,1
BRDA:19,5,0,3
BRDA:21,6,0,3
BRDA:21,7,0,1
BRDA:22,8,0,1
BRDA:22,9,0,0
BRDA:22,10,0,3
BRDA:24,11,0,1
BRDA:27,12,0,0
BRDA:32,13,0,2
BRDA:33,14,0,1
BRDA:35,15,0,1
BRF:16
BRH:14
end_of_record
TN:
SF:src/hooks/useAuth.js
FN:6,useAuth
FNF:1
FNH:1
FNDA:7,useAuth
DA:1,1
DA:3,1
DA:4,1
DA:6,1
DA:7,7
DA:8,7
DA:9,4
DA:10,4
DA:11,7
DA:13,7
DA:14,2
DA:15,2
DA:16,2
DA:17,2
DA:18,7
DA:20,7
DA:21,1
DA:22,1
DA:23,1
DA:24,1
DA:25,7
DA:27,7
DA:28,7
LF:23
LH:23
BRDA:6,0,0,7
BRDA:7,1,0,4
BRDA:8,2,0,4
BRDA:10,3,0,1
BRDA:10,4,0,3
BRDA:13,5,0,2
BRDA:20,6,0,1
BRF:7
BRH:7
end_of_record
TN:
SF:src/pages/BioPage.jsx
FN:147,BioPage
FN:167,onClick
FN:230,onClick
FNF:3
FNH:2
FNDA:3,BioPage
FNDA:1,onClick
FNDA:0,onClick
DA:1,1
DA:3,1
DA:5,1
DA:6,1
DA:7,1
DA:8,1
DA:9,1
DA:10,1
DA:11,1
DA:12,1
DA:13,1
DA:14,1
DA:15,1
DA:16,1
DA:17,1
DA:18,1
DA:19,1
DA:20,1
DA:21,1
DA:22,1
DA:23,1
DA:24,1
DA:25,1
DA:26,1
DA:27,1
DA:28,1
DA:29,1
DA:30,1
DA:31,1
DA:32,1
DA:33,1
DA:34,1
DA:35,1
DA:36,1
DA:37,1
DA:38,1
DA:39,1
DA:40,1
DA:41,1
DA:42,1
DA:43,1
DA:44,1
DA:45,1
DA:46,1
DA:47,1
DA:48,1
DA:49,1
DA:50,1
DA:51,1
DA:52,1
DA:53,1
DA:54,1
DA:55,1
DA:56,1
DA:57,1
DA:58,1
DA:59,1
DA:60,1
DA:61,1
DA:62,1
DA:63,1
DA:64,1
DA:65,1
DA:66,1
DA:67,1
DA:68,1
DA:69,1
DA:70,1
DA:71,1
DA:72,1
DA:73,1
DA:74,1
DA:75,1
DA:76,1
DA:77,1
DA:78,1
DA:79,1
DA:80,1
DA:81,1
DA:82,1
DA:83,1
DA:84,1
DA:85,1
DA:86,1
DA:87,1
DA:88,1
DA:89,1
DA:90,1
DA:91,1
DA:92,1
DA:93,1
DA:94,1
DA:95,1
DA:96,1
DA:97,1
DA:98,1
DA:99,1
DA:100,1
DA:101,1
DA:102,1
DA:103,1
DA:104,1
DA:105,1
DA:106,1
DA:107,1
DA:108,1
DA:109,1
DA:110,1
DA:111,1
DA:112,1
DA:113,1
DA:114,1
DA:115,1
DA:116,1
DA:117,1
DA:118,1
DA:119,1
DA:120,1
DA:121,1
DA:122,1
DA:123,1
DA:124,1
DA:125,1
DA:126,1
DA:127,1
DA:128,1
DA:129,1
DA:130,1
DA:131,1
DA:132,1
DA:133,1
DA:134,1
DA:135,1
DA:136,1
DA:137,1
DA:138,1
DA:139,1
DA:140,1
DA:141,1
DA:142,1
DA:143,1
DA:144,1
DA:145,1
DA:147,3
DA:148,3
DA:150,3
DA:151,3
DA:152,3
DA:163,3
DA:165,3
DA:166,3
DA:167,3
DA:168,3
DA:169,3
DA:170,3
DA:172,3
DA:173,3
DA:175,3
DA:176,3
DA:177,3
DA:178,3
DA:181,3
DA:182,3
DA:183,3
DA:184,3
DA:186,3
DA:187,3
DA:194,3
DA:197,3
DA:198,3
DA:199,3
DA:200,3
DA:201,3
DA:204,3
DA:205,3
DA:206,3
DA:207,3
DA:209,3
DA:210,3
DA:216,3
DA:218,3
DA:221,3
DA:222,3
DA:223,3
DA:224,3
DA:225,3
DA:226,3
DA:227,3
DA:229,3
DA:230,3
DA:231,3
DA:232,3
DA:233,3
DA:234,3
DA:236,3
DA:237,3
DA:238,3
DA:239,3
DA:241,3
LF:199
LH:199
BRDA:147,0,0,3
BRDA:167,1,0,1
BRF:2
BRH:2
end_of_record
TN:
SF:src/pages/ContactPage.jsx
FN:157,ContactPage
FN:162,handleChange
FN:166,handleSubmit
FN:194,onClick
FN:283,onClick
FNF:5
FNH:4
FNDA:13,ContactPage
FNDA:6,handleChange
FNDA:2,handleSubmit
FNDA:1,onClick
FNDA:0,onClick
DA:1,1
DA:4,1
DA:6,1
DA:7,1
DA:8,1
DA:9,1
DA:10,1
DA:11,1
DA:12,1
DA:13,1
DA:14,1
DA:15,1
DA:16,1
DA:17,1
DA:18,1
DA:19,1
DA:20,1
DA:21,1
DA:22,1
DA:23,1
DA:24,1
DA:25,1
DA:26,1
DA:27,1
DA:28,1
DA:29,1
DA:30,1
DA:31,1
DA:32,1
DA:33,1
DA:34,1
DA:35,1
DA:36,1
DA:37,1
DA:38,1
DA:39,1
DA:40,1
DA:41,1
DA:42,1
DA:43,1
DA:44,1
DA:45,1
DA:46,1
DA:47,1
DA:48,1
DA:49,1
DA:50,1
DA:51,1
DA:52,1
DA:53,1
DA:54,1
DA:55,1
DA:56,1
DA:57,1
DA:58,1
DA:59,1
DA:60,1
DA:61,1
DA:62,1
DA:63,1
DA:64,1
DA:65,1
DA:66,1
DA:67,1
DA:68,1
DA:69,1
DA:70,1
DA:71,1
DA:72,1
DA:73,1
DA:74,1
DA:75,1
DA:76,1
DA:77,1
DA:78,1
DA:79,1
DA:80,1
DA:81,1
DA:82,1
DA:83,1
DA:84,1
DA:85,1
DA:86,1
DA:87,1
DA:88,1
DA:89,1
DA:90,1
DA:91,1
DA:92,1
DA:93,1
DA:94,1
DA:95,1
DA:96,1
DA:97,1
DA:98,1
DA:99,1
DA:100,1
DA:101,1
DA:102,1
DA:103,1
DA:104,1
DA:105,1
DA:106,1
DA:107,1
DA:108,1
DA:109,1
DA:110,1
DA:111,1
DA:112,1
DA:113,1
DA:114,1
DA:115,1
DA:116,1
DA:117,1
DA:118,1
DA:119,1
DA:120,1
DA:121,1
DA:122,1
DA:123,1
DA:124,1
DA:125,1
DA:126,1
DA:127,1
DA:128,1
DA:129,1
DA:130,1
DA:131,1
DA:132,1
DA:133,1
DA:134,1
DA:135,1
DA:136,1
DA:137,1
DA:138,1
DA:139,1
DA:140,1
DA:141,1
DA:142,1
DA:143,1
DA:144,1
DA:145,1
DA:146,1
DA:147,1
DA:148,1
DA:149,1
DA:150,1
DA:151,1
DA:152,1
DA:153,1
DA:154,1
DA:155,1
DA:157,13
DA:158,13
DA:159,13
DA:160,13
DA:162,13
DA:163,6
DA:164,6
DA:166,13
DA:167,2
DA:168,2
DA:169,2
DA:170,2
DA:171,2
DA:172,2
DA:173,2
DA:175,13
DA:176,13
DA:177,13
DA:187,13
DA:189,13
DA:190,13
DA:191,13
DA:192,13
DA:193,13
DA:194,13
DA:196,13
DA:197,13
DA:198,13
DA:200,13
DA:201,13
DA:203,13
DA:204,13
DA:205,13
DA:206,13
DA:207,13
DA:208,13
DA:209,13
DA:211,13
DA:213,13
DA:214,13
DA:216,13
DA:217,13
DA:218,13
DA:219,13
DA:220,13
DA:221,13
DA:222,13
DA:223,13
DA:224,13
DA:225,13
DA:226,13
DA:227,13
DA:228,13
DA:229,13
DA:230,13
DA:232,13
DA:233,13
DA:234,13
DA:235,13
DA:236,13
DA:237,13
DA:238,13
DA:239,13
DA:240,13
DA:241,13
DA:242,13
DA:243,13
DA:244,13
DA:245,13
DA:247,13
DA:248,13
DA:249,13
DA:250,13
DA:251,13
DA:252,13
DA:253,13
DA:254,13
DA:255,13
DA:256,13
DA:257,13
DA:258,13
DA:259,13
DA:261,13
DA:262,13
DA:263,13
DA:264,13
DA:265,13
DA:267,13
DA:268,13
DA:270,13
DA:271,2
DA:272,2
DA:273,2
DA:274,2
DA:276,2
DA:279,13
DA:280,13
DA:281,13
DA:282,13
DA:283,13
DA:285,13
DA:286,13
DA:287,13
DA:289,13
DA:290,13
DA:291,13
DA:292,13
DA:293,13
DA:295,13
LF:261
LH:261
BRDA:157,0,0,13
BRDA:270,1,0,2
BRDA:162,2,0,6
BRDA:163,3,0,6
BRDA:166,4,0,2
BRDA:194,5,0,1
BRF:6
BRH:6
end_of_record
TN:
SF:src/pages/DashboardPage.jsx
FN:7,DashboardPage
FN:29,handleSync
FNF:2
FNH:2
FNDA:13,DashboardPage
FNDA:1,handleSync
DA:1,1
DA:7,13
DA:8,13
DA:9,13
DA:10,13
DA:11,13
DA:12,13
DA:13,13
DA:14,13
DA:16,13
DA:17,10
DA:18,10
DA:19,10
DA:20,10
DA:21,10
DA:22,10
DA:23,10
DA:24,10
DA:25,13
DA:27,13
DA:29,13
DA:30,1
DA:31,1
DA:32,1
DA:33,1
DA:34,1
DA:35,1
DA:36,1
DA:37,1
DA:38,1
DA:39,1
DA:40,1
DA:42,13
DA:43,16
DA:44,16
DA:45,16
DA:46,13
DA:48,13
DA:50,13
DA:51,13
DA:52,13
DA:53,13
DA:54,13
DA:55,13
DA:56,13
DA:57,13
DA:58,13
DA:59,13
DA:60,13
DA:61,13
DA:62,13
DA:63,13
DA:64,13
DA:65,13
DA:66,13
DA:67,13
DA:68,13
DA:69,13
DA:71,13
DA:72,13
DA:73,13
DA:75,13
DA:76,4
DA:77,4
DA:78,4
DA:82,13
DA:83,13
DA:84,13
DA:85,13
DA:86,13
DA:87,13
DA:88,13
DA:89,13
DA:92,13
DA:93,13
DA:94,13
DA:95,13
DA:96,13
DA:97,13
DA:98,13
DA:99,13
DA:100,0
DA:101,12
DA:102,12
DA:104,12
DA:106,0
DA:107,0
DA:108,0
DA:109,0
DA:110,0
DA:111,0
DA:112,0
DA:113,0
DA:114,0
DA:115,0
DA:116,0
DA:117,0
DA:118,0
DA:119,0
DA:120,0
DA:121,0
DA:122,0
DA:123,0
DA:124,0
DA:125,0
DA:126,0
DA:127,0
DA:128,0
DA:129,0
DA:131,0
DA:132,0
DA:133,0
DA:134,0
DA:135,0
DA:136,0
DA:137,0
DA:138,0
DA:140,13
DA:141,13
DA:143,13
DA:145,1
DA:146,1
LF:122
LH:89
BRDA:7,0,0,13
BRDA:55,1,0,4
BRDA:64,2,0,3
BRDA:64,3,0,9
BRDA:67,4,0,3
BRDA:67,5,0,9
BRDA:71,6,0,3
BRDA:71,7,0,9
BRDA:75,8,0,4
BRDA:86,9,0,12
BRDA:87,10,0,4
BRDA:88,11,0,4
BRDA:99,12,0,0
BRDA:100,13,0,12
BRDA:104,14,0,0
BRDA:16,15,0,10
BRDA:22,16,0,0
BRDA:23,17,0,0
BRDA:24,18,0,0
BRDA:27,19,0,9
BRDA:29,20,0,1
BRDA:42,21,0,16
BRDA:48,22,0,16
BRDA:84,23,0,24
BRDA:85,24,0,8
BRF:25
BRH:20
end_of_record
TN:
SF:src/pages/HistoryPage.jsx
FN:10,HistoryPage
FN:36,exportCsv
FN:70,onChange
FN:74,onChange
FN:78,onChange
FN:80,onChange
FN:82,onClick
FNF:7
FNH:1
FNDA:5,HistoryPage
FNDA:0,exportCsv
FNDA:0,onChange
FNDA:0,onChange
FNDA:0,onChange
FNDA:0,onChange
FNDA:0,onClick
DA:1,1
DA:4,1
DA:5,1
DA:6,1
DA:7,1
DA:8,1
DA:10,5
DA:11,5
DA:12,5
DA:13,5
DA:14,5
DA:15,5
DA:17,5
DA:18,4
DA:19,4
DA:20,4
DA:21,4
DA:22,4
DA:23,4
DA:24,4
DA:25,5
DA:27,5
DA:28,4
DA:29,4
DA:30,4
DA:31,4
DA:32,5
DA:34,5
DA:36,5
DA:37,0
DA:38,0
DA:39,0
DA:40,0
DA:41,0
DA:42,0
DA:43,0
DA:44,0
DA:45,0
DA:46,0
DA:47,0
DA:48,0
DA:49,0
DA:50,0
DA:51,0
DA:52,0
DA:53,0
DA:54,0
DA:55,0
DA:57,5
DA:59,5
DA:60,5
DA:61,5
DA:62,5
DA:63,5
DA:65,5
DA:66,5
DA:69,5
DA:70,5
DA:71,5
DA:72,5
DA:73,5
DA:74,5
DA:75,5
DA:76,5
DA:77,5
DA:78,5
DA:79,5
DA:80,5
DA:81,5
DA:82,0
DA:84,0
DA:86,5
DA:87,5
DA:89,5
DA:90,5
DA:91,5
DA:92,5
DA:93,5
DA:94,32
DA:95,5
DA:96,5
DA:97,5
DA:98,5
DA:99,5
DA:100,3
DA:102,1
DA:103,1
DA:104,1
DA:105,1
DA:106,1
DA:107,1
DA:108,1
DA:109,1
DA:110,1
DA:111,1
DA:112,1
DA:113,1
DA:114,1
DA:115,1
DA:116,1
DA:117,1
DA:118,1
DA:119,1
DA:120,1
DA:121,1
DA:122,1
DA:123,1
DA:125,1
DA:127,5
DA:128,5
DA:129,5
DA:130,5
DA:132,5
LF:113
LH:92
BRDA:10,0,0,5
BRDA:81,1,0,4
BRDA:81,2,0,4
BRDA:81,3,0,4
BRDA:81,4,0,0
BRDA:99,5,0,3
BRDA:100,6,0,1
BRDA:17,7,0,4
BRDA:19,8,0,0
BRDA:20,9,0,0
BRDA:21,10,0,0
BRDA:22,11,0,0
BRDA:24,12,0,0
BRDA:27,13,0,4
BRDA:28,14,0,4
BRDA:29,15,0,0
BRDA:30,16,0,0
BRDA:34,17,0,4
BRDA:72,18,0,1
BRDA:76,19,0,1
BRDA:93,20,0,32
BRDA:102,21,0,1
BRDA:104,22,0,0
BRDA:106,23,0,0
BRDA:116,24,0,0
BRDA:117,25,0,0
BRF:26
BRH:14
end_of_record
TN:
SF:src/pages/HomePage.jsx
FN:136,HomePage
FN:183,onClick
FN:196,onClick
FN:251,onClick
FNF:4
FNH:4
FNDA:7,HomePage
FNDA:1,onClick
FNDA:1,onClick
FNDA:1,onClick
DA:1,1
DA:3,1
DA:4,1
DA:5,1
DA:7,1
DA:8,1
DA:9,1
DA:10,1
DA:11,1
DA:12,1
DA:13,1
DA:14,1
DA:15,1
DA:16,1
DA:17,1
DA:18,1
DA:19,1
DA:20,1
DA:21,1
DA:22,1
DA:23,1
DA:24,1
DA:25,1
DA:26,1
DA:27,1
DA:28,1
DA:29,1
DA:30,1
DA:31,1
DA:32,1
DA:33,1
DA:34,1
DA:35,1
DA:36,1
DA:37,1
DA:38,1
DA:39,1
DA:40,1
DA:41,1
DA:42,1
DA:43,1
DA:44,1
DA:45,1
DA:46,1
DA:47,1
DA:48,1
DA:49,1
DA:50,1
DA:51,1
DA:52,1
DA:53,1
DA:54,1
DA:55,1
DA:56,1
DA:57,1
DA:58,1
DA:59,1
DA:60,1
DA:61,1
DA:62,1
DA:63,1
DA:64,1
DA:65,1
DA:66,1
DA:67,1
DA:68,1
DA:69,1
DA:70,1
DA:71,1
DA:72,1
DA:73,1
DA:74,1
DA:75,1
DA:76,1
DA:77,1
DA:78,1
DA:79,1
DA:80,1
DA:81,1
DA:82,1
DA:83,1
DA:84,1
DA:85,1
DA:86,1
DA:87,1
DA:88,1
DA:89,1
DA:90,1
DA:91,1
DA:92,1
DA:93,1
DA:94,1
DA:95,1
DA:96,1
DA:97,1
DA:98,1
DA:99,1
DA:100,1
DA:101,1
DA:102,1
DA:103,1
DA:104,1
DA:105,1
DA:106,1
DA:107,1
DA:108,1
DA:109,1
DA:110,1
DA:111,1
DA:112,1
DA:113,1
DA:114,1
DA:115,1
DA:116,1
DA:117,1
DA:118,1
DA:119,1
DA:120,1
DA:121,1
DA:122,1
DA:123,1
DA:124,1
DA:125,1
DA:126,1
DA:127,1
DA:128,1
DA:129,1
DA:130,1
DA:131,1
DA:132,1
DA:133,1
DA:134,1
DA:136,7
DA:137,7
DA:139,7
DA:140,7
DA:141,7
DA:173,7
DA:175,7
DA:176,7
DA:178,7
DA:180,7
DA:181,7
DA:182,7
DA:183,7
DA:185,7
DA:186,7
DA:187,7
DA:188,7
DA:190,7
DA:193,7
DA:194,7
DA:195,7
DA:196,7
DA:198,7
DA:199,7
DA:200,7
DA:201,7
DA:203,7
DA:206,7
DA:207,7
DA:208,7
DA:209,7
DA:210,7
DA:211,7
DA:213,7
DA:214,7
DA:215,7
DA:216,7
DA:217,7
DA:219,7
DA:222,7
DA:223,7
DA:224,7
DA:225,7
DA:226,7
DA:227,7
DA:229,7
DA:230,7
DA:231,7
DA:233,7
DA:234,7
DA:235,7
DA:237,7
DA:238,7
DA:239,7
DA:241,7
DA:243,7
DA:245,7
DA:247,7
DA:248,7
DA:249,7
DA:250,7
DA:251,7
DA:253,7
DA:254,7
DA:255,7
DA:256,7
DA:258,7
DA:259,7
DA:260,7
DA:262,7
DA:263,7
DA:264,7
DA:265,7
DA:266,7
DA:267,7
DA:268,7
DA:269,7
DA:271,7
DA:272,7
DA:273,7
DA:275,7
LF:213
LH:213
BRDA:136,0,0,7
BRDA:183,1,0,1
BRDA:196,2,0,1
BRDA:251,3,0,1
BRF:4
BRH:4
end_of_record
TN:
SF:src/pages/LoginPage.jsx
FN:4,LoginPage
FN:10,handleSubmit
FN:45,onChange
FN:56,onChange
FNF:4
FNH:4
FNDA:11,LoginPage
FNDA:2,handleSubmit
FNDA:2,onChange
FNDA:2,onChange
DA:1,1
DA:4,11
DA:5,11
DA:6,11
DA:7,11
DA:8,11
DA:10,11
DA:11,2
DA:12,2
DA:13,2
DA:14,2
DA:15,2
DA:16,2
DA:17,2
DA:18,2
DA:19,2
DA:20,2
DA:21,2
DA:22,1
DA:23,1
DA:24,1
DA:25,1
DA:26,2
DA:27,2
DA:28,2
DA:29,2
DA:31,11
DA:32,11
DA:33,11
DA:34,11
DA:35,11
DA:36,11
DA:37,11
DA:38,11
DA:39,11
DA:40,11
DA:41,11
DA:42,11
DA:43,11
DA:44,11
DA:45,11
DA:46,11
DA:47,11
DA:48,11
DA:49,11
DA:50,11
DA:51,11
DA:52,11
DA:53,11
DA:54,11
DA:55,11
DA:56,11
DA:57,11
DA:58,11
DA:59,11
DA:60,11
DA:61,11
DA:62,1
DA:63,1
DA:64,1
DA:66,11
DA:67,11
DA:68,11
DA:69,11
DA:71,11
DA:72,11
DA:73,11
DA:74,11
DA:75,11
DA:77,11
LF:70
LH:70
BRDA:4,0,0,11
BRDA:61,1,0,1
BRDA:69,2,0,2
BRDA:69,3,0,9
BRDA:69,4,0,2
BRDA:69,5,0,9
BRDA:71,6,0,2
BRDA:71,7,0,9
BRDA:10,8,0,2
BRDA:21,9,0,1
BRDA:21,10,0,0
BRDA:45,11,0,2
BRDA:45,12,0,2
BRDA:56,13,0,2
BRDA:56,14,0,2
BRF:15
BRH:14
end_of_record
TN:
SF:src/pages/PortfolioPage.jsx
FN:96,pillStyle
FN:112,PortfolioPage
FN:146,onClick
FN:193,onClick
FN:446,onClick
FNF:5
FNH:4
FNDA:630,pillStyle
FNDA:22,PortfolioPage
FNDA:1,onClick
FNDA:1,onClick
FNDA:0,onClick
DA:1,1
DA:4,1
DA:5,1
DA:6,1
DA:8,1
DA:9,1
DA:10,1
DA:11,1
DA:12,1
DA:13,1
DA:14,1
DA:15,1
DA:17,1
DA:18,1
DA:19,1
DA:20,1
DA:21,1
DA:22,1
DA:23,1
DA:24,1
DA:25,1
DA:26,1
DA:27,1
DA:28,1
DA:29,1
DA:30,1
DA:31,1
DA:32,1
DA:33,1
DA:34,1
DA:35,1
DA:36,1
DA:37,1
DA:38,1
DA:39,1
DA:40,1
DA:41,1
DA:42,1
DA:43,1
DA:44,1
DA:45,1
DA:46,1
DA:47,1
DA:48,1
DA:49,1
DA:50,1
DA:51,1
DA:52,1
DA:54,1
DA:55,1
DA:56,1
DA:57,1
DA:58,1
DA:59,1
DA:60,1
DA:61,1
DA:63,1
DA:64,1
DA:65,1
DA:66,1
DA:67,1
DA:68,1
DA:69,1
DA:70,1
DA:71,1
DA:72,1
DA:73,1
DA:74,1
DA:75,1
DA:77,1
DA:78,1
DA:79,1
DA:80,1
DA:81,1
DA:82,1
DA:83,1
DA:84,1
DA:86,1
DA:87,1
DA:88,1
DA:89,1
DA:90,1
DA:91,1
DA:92,1
DA:93,1
DA:94,1
DA:96,630
DA:97,630
DA:98,630
DA:99,630
DA:100,630
DA:101,630
DA:102,630
DA:103,630
DA:104,630
DA:105,630
DA:106,630
DA:107,630
DA:108,630
DA:109,630
DA:110,630
DA:112,22
DA:113,22
DA:114,22
DA:116,22
DA:117,12
DA:118,12
DA:119,12
DA:120,22
DA:122,22
DA:123,22
DA:124,22
DA:133,22
DA:136,22
DA:137,22
DA:138,22
DA:139,22
DA:140,22
DA:141,22
DA:142,22
DA:143,22
DA:144,22
DA:145,22
DA:146,22
DA:147,22
DA:149,22
DA:151,22
DA:152,22
DA:153,22
DA:154,105
DA:155,105
DA:156,105
DA:157,105
DA:158,22
DA:159,22
DA:160,22
DA:161,22
DA:162,22
DA:163,22
DA:165,22
DA:166,22
DA:167,22
DA:170,22
DA:171,22
DA:173,22
DA:174,22
DA:176,22
DA:177,22
DA:179,22
DA:180,22
DA:183,22
DA:184,22
DA:185,22
DA:186,22
DA:187,22
DA:188,22
DA:190,22
DA:191,22
DA:192,22
DA:193,22
DA:194,22
DA:195,22
DA:196,22
DA:197,22
DA:198,22
DA:200,22
DA:201,22
DA:202,22
DA:205,22
DA:206,22
DA:207,22
DA:208,22
DA:209,22
DA:210,22
DA:211,126
DA:212,126
DA:213,126
DA:214,126
DA:215,126
DA:216,126
DA:217,126
DA:218,126
DA:220,126
DA:221,105
DA:222,21
DA:223,22
DA:224,22
DA:225,22
DA:226,22
DA:229,22
DA:230,22
DA:231,22
DA:232,22
DA:233,22
DA:234,22
DA:235,22
DA:239,22
DA:240,22
DA:241,22
DA:242,126
DA:243,22
DA:244,22
DA:245,22
DA:246,22
DA:247,22
DA:248,22
DA:249,22
DA:250,22
DA:251,63
DA:252,63
DA:253,63
DA:254,63
DA:255,22
DA:256,22
DA:257,22
DA:258,22
DA:260,22
DA:261,22
DA:262,22
DA:265,22
DA:266,22
DA:267,22
DA:268,22
DA:269,22
DA:270,22
DA:271,126
DA:272,126
DA:273,126
DA:274,126
DA:275,126
DA:276,126
DA:277,126
DA:278,126
DA:279,22
DA:280,22
DA:281,22
DA:284,22
DA:285,22
DA:286,22
DA:287,22
DA:288,22
DA:289,105
DA:290,105
DA:291,105
DA:292,105
DA:293,504
DA:294,105
DA:295,105
DA:296,105
DA:297,22
DA:298,22
DA:299,22
DA:302,22
DA:303,22
DA:304,22
DA:305,22
DA:306,22
DA:307,22
DA:308,22
DA:309,42
DA:310,42
DA:311,42
DA:312,42
DA:313,189
DA:314,189
DA:315,189
DA:316,189
DA:317,189
DA:318,147
DA:320,189
DA:321,42
DA:322,42
DA:323,42
DA:324,22
DA:325,22
DA:328,22
DA:329,22
DA:330,22
DA:331,22
DA:332,22
DA:333,22
DA:335,22
DA:336,22
DA:337,22
DA:338,22
DA:339,22
DA:340,22
DA:342,22
DA:343,22
DA:344,22
DA:345,21
DA:346,21
DA:347,21
DA:348,21
DA:349,21
DA:350,21
DA:351,21
DA:352,21
DA:354,22
DA:355,22
DA:357,22
DA:358,22
DA:359,22
DA:360,22
DA:361,22
DA:362,22
DA:363,84
DA:364,84
DA:365,84
DA:366,63
DA:367,63
DA:368,63
DA:369,63
DA:370,63
DA:371,63
DA:373,21
DA:374,21
DA:375,21
DA:376,21
DA:377,21
DA:379,84
DA:380,22
DA:382,22
DA:383,22
DA:384,22
DA:386,22
DA:387,22
DA:388,22
DA:389,22
DA:390,22
DA:391,22
DA:392,22
DA:393,22
DA:394,22
DA:395,22
DA:396,22
DA:397,22
DA:400,22
DA:401,22
DA:402,22
DA:403,22
DA:404,22
DA:405,22
DA:406,22
DA:407,22
DA:408,22
DA:409,22
DA:410,22
DA:411,22
DA:412,22
DA:413,22
DA:414,22
DA:415,22
DA:416,22
DA:417,22
DA:418,22
DA:419,22
DA:420,126
DA:421,126
DA:422,126
DA:423,126
DA:424,22
DA:425,22
DA:426,22
DA:427,22
DA:430,22
DA:431,22
DA:432,22
DA:433,22
DA:434,22
DA:435,22
DA:436,22
DA:438,22
DA:439,22
DA:440,22
DA:441,22
DA:443,22
DA:444,22
DA:445,22
DA:446,22
DA:447,22
DA:449,22
DA:450,22
DA:451,22
DA:452,22
DA:453,22
DA:455,22
LF:387
LH:387
BRDA:96,0,0,630
BRDA:112,1,0,22
BRDA:409,2,0,8
BRDA:409,3,0,13
BRDA:409,4,0,12
BRDA:409,5,0,1
BRDA:410,6,0,8
BRDA:410,7,0,13
BRDA:410,8,0,12
BRDA:410,9,0,1
BRDA:412,10,0,8
BRDA:412,11,0,13
BRDA:412,12,0,12
BRDA:412,13,0,1
BRDA:415,14,0,8
BRDA:415,15,0,13
BRDA:415,16,0,12
BRDA:415,17,0,1
BRDA:116,18,0,12
BRDA:118,19,0,11
BRDA:118,20,0,0
BRDA:119,21,0,1
BRDA:146,22,0,1
BRDA:153,23,0,105
BRDA:193,24,0,1
BRDA:210,25,0,126
BRDA:220,26,0,105
BRDA:221,27,0,21
BRDA:241,28,0,126
BRDA:242,29,0,21
BRDA:242,30,0,105
BRDA:242,31,0,84
BRDA:242,32,0,42
BRDA:242,33,0,63
BRDA:250,34,0,63
BRDA:270,35,0,126
BRDA:288,36,0,105
BRDA:292,37,0,504
BRDA:308,38,0,42
BRDA:312,39,0,189
BRDA:317,40,0,147
BRDA:344,41,0,21
BRDA:345,42,0,42
BRDA:358,43,0,63
BRDA:359,44,0,84
BRDA:360,45,0,105
BRDA:361,46,0,126
BRDA:362,47,0,84
BRDA:365,48,0,63
BRDA:371,49,0,21
BRDA:419,50,0,126
BRF:51
BRH:50
end_of_record
TN:
SF:src/pages/PricesPage.jsx
FN:1,(empty-report)
FNF:1
FNH:0
FNDA:0,(empty-report)
DA:1,0
DA:5,0
DA:6,0
DA:7,0
DA:8,0
DA:9,0
DA:11,0
DA:12,0
DA:13,0
DA:14,0
DA:15,0
DA:16,0
DA:17,0
DA:18,0
DA:19,0
DA:20,0
DA:22,0
DA:24,0
DA:25,0
DA:26,0
DA:27,0
DA:29,0
DA:30,0
DA:31,0
DA:32,0
DA:33,0
DA:35,0
DA:36,0
DA:39,0
DA:40,0
DA:41,0
DA:42,0
DA:43,0
DA:44,0
DA:45,0
DA:47,0
DA:48,0
DA:49,0
DA:51,0
DA:53,0
DA:56,0
DA:57,0
DA:58,0
DA:59,0
DA:60,0
DA:61,0
DA:62,0
DA:63,0
DA:64,0
DA:65,0
DA:66,0
DA:67,0
DA:68,0
DA:69,0
DA:70,0
DA:71,0
DA:72,0
DA:73,0
DA:74,0
DA:75,0
DA:77,0
DA:79,0
LF:62
LH:0
BRDA:1,0,0,0
BRF:1
BRH:0
end_of_record
TN:
SF:src/pages/ProductsPage.jsx
FN:8,ProductsPage
FN:27,openCreate
FN:28,openEdit
FN:30,handleSubmit
FN:39,handleDelete
FN:59,onClick
FN:73,onChange
FN:77,onChange
FN:81,onChange
FN:87,onChange
FN:90,onClick
FN:121,onClick
FN:122,onClick
FNF:13
FNH:1
FNDA:6,ProductsPage
FNDA:0,openCreate
FNDA:0,openEdit
FNDA:0,handleSubmit
FNDA:0,handleDelete
FNDA:0,onClick
FNDA:0,onChange
FNDA:0,onChange
FNDA:0,onChange
FNDA:0,onChange
FNDA:0,onClick
FNDA:0,onClick
FNDA:0,onClick
DA:1,1
DA:6,1
DA:8,6
DA:9,6
DA:10,6
DA:11,6
DA:12,6
DA:13,6
DA:14,6
DA:15,6
DA:16,6
DA:18,6
DA:19,5
DA:20,5
DA:21,5
DA:22,5
DA:23,6
DA:25,6
DA:27,6
DA:28,6
DA:30,6
DA:31,0
DA:32,0
DA:33,0
DA:34,0
DA:35,0
DA:36,0
DA:37,0
DA:39,6
DA:40,0
DA:41,0
DA:42,0
DA:43,0
DA:45,6
DA:47,6
DA:48,6
DA:49,6
DA:50,6
DA:51,6
DA:53,6
DA:54,6
DA:57,6
DA:58,6
DA:59,40
DA:60,40
DA:61,40
DA:62,40
DA:63,6
DA:64,6
DA:67,6
DA:68,0
DA:69,0
DA:70,0
DA:71,0
DA:72,0
DA:73,0
DA:74,0
DA:75,0
DA:76,0
DA:77,0
DA:78,0
DA:79,0
DA:80,0
DA:81,0
DA:82,0
DA:83,0
DA:84,0
DA:85,0
DA:86,0
DA:87,0
DA:88,0
DA:89,0
DA:90,0
DA:91,0
DA:92,0
DA:93,0
DA:94,0
DA:95,0
DA:96,0
DA:100,6
DA:101,6
DA:102,0
DA:104,5
DA:105,5
DA:106,5
DA:107,5
DA:108,30
DA:109,5
DA:110,5
DA:111,5
DA:112,5
DA:113,5
DA:114,2
DA:115,2
DA:116,2
DA:117,2
DA:118,2
DA:119,2
DA:120,2
DA:121,2
DA:122,2
DA:123,2
DA:124,2
DA:125,5
DA:126,5
DA:127,5
DA:130,6
DA:131,0
DA:132,0
DA:133,0
DA:134,0
DA:135,0
DA:136,0
DA:137,0
DA:139,6
DA:140,6
DA:142,6
LF:117
LH:69
BRDA:8,0,0,6
BRDA:67,1,0,0
BRDA:101,2,0,0
BRDA:102,3,0,5
BRDA:130,4,0,0
BRDA:18,5,0,5
BRDA:19,6,0,0
BRDA:25,7,0,5
BRDA:58,8,0,40
BRDA:60,9,0,5
BRDA:60,10,0,35
BRDA:60,11,0,5
BRDA:60,12,0,35
BRDA:61,13,0,5
BRDA:107,14,0,30
BRDA:113,15,0,2
BRDA:114,16,0,1
BRDA:114,17,0,1
BRF:18
BRH:14
end_of_record
TN:
SF:src/pages/RulesPage.jsx
FN:7,RulesPage
FN:24,handleSubmit
FN:32,handleToggle
FN:37,handleDelete
FN:43,openEdit
FN:48,getChannelNames
FN:51,getProductSkus
FN:60,onClick
FN:72,onCancel
FN:119,onClick
FN:122,onClick
FN:125,onClick
FNF:12
FNH:3
FNDA:8,RulesPage
FNDA:0,handleSubmit
FNDA:0,handleToggle
FNDA:0,handleDelete
FNDA:0,openEdit
FNDA:3,getChannelNames
FNDA:3,getProductSkus
FNDA:0,onClick
FNDA:0,onCancel
FNDA:0,onClick
FNDA:0,onClick
FNDA:0,onClick
DA:1,1
DA:5,1
DA:7,8
DA:8,8
DA:9,8
DA:10,8
DA:11,8
DA:12,8
DA:13,8
DA:15,8
DA:16,6
DA:17,6
DA:18,6
DA:19,6
DA:20,8
DA:22,8
DA:24,8
DA:25,0
DA:26,0
DA:27,0
DA:28,0
DA:29,0
DA:30,0
DA:32,8
DA:33,0
DA:34,0
DA:35,0
DA:37,8
DA:38,0
DA:39,0
DA:40,0
DA:41,0
DA:43,8
DA:44,0
DA:45,0
DA:46,0
DA:48,8
DA:49,3
DA:50,3
DA:51,8
DA:52,3
DA:53,3
DA:54,3
DA:56,8
DA:57,8
DA:58,8
DA:59,8
DA:60,8
DA:62,8
DA:63,8
DA:65,8
DA:66,0
DA:67,0
DA:68,0
DA:69,0
DA:70,0
DA:71,0
DA:72,0
DA:73,0
DA:74,0
DA:75,0
DA:76,0
DA:77,0
DA:78,0
DA:79,0
DA:80,0
DA:81,0
DA:82,0
DA:85,8
DA:86,8
DA:87,4
DA:89,4
DA:91,8
DA:92,3
DA:93,3
DA:94,3
DA:95,3
DA:96,3
DA:97,3
DA:98,3
DA:99,3
DA:100,3
DA:101,3
DA:102,3
DA:103,3
DA:104,3
DA:105,3
DA:106,3
DA:107,3
DA:108,3
DA:109,3
DA:110,3
DA:111,3
DA:112,3
DA:113,3
DA:114,3
DA:115,3
DA:116,3
DA:117,3
DA:118,3
DA:119,3
DA:120,3
DA:121,3
DA:122,3
DA:124,3
DA:125,3
DA:127,3
DA:128,3
DA:129,3
DA:130,3
DA:131,8
DA:132,8
DA:133,8
DA:135,8
LF:114
LH:81
BRDA:7,0,0,8
BRDA:65,1,0,0
BRDA:86,2,0,4
BRDA:15,3,0,6
BRDA:17,4,0,0
BRDA:18,5,0,0
BRDA:19,6,0,0
BRDA:22,7,0,6
BRDA:48,8,0,3
BRDA:49,9,0,3
BRDA:49,10,0,0
BRDA:49,11,0,6
BRDA:51,12,0,3
BRDA:52,13,0,0
BRDA:53,14,0,9
BRDA:53,15,0,3
BRDA:53,16,0,6
BRDA:53,17,0,9
BRDA:91,18,0,3
BRDA:95,19,0,0
BRDA:96,20,0,0
BRDA:102,21,0,0
BRDA:102,22,0,0
BRDA:103,23,0,0
BRDA:108,24,0,0
BRDA:109,25,0,0
BRDA:109,26,0,0
BRDA:120,27,0,0
BRF:28
BRH:13
end_of_record
TN:
SF:src/utils/syncStatus.js
FN:1,getSyncStatus
FNF:1
FNH:1
FNDA:43,getSyncStatus
DA:1,1
DA:2,43
DA:3,39
DA:4,39
DA:5,39
DA:6,39
DA:7,41
DA:8,41
DA:9,17
DA:10,17
DA:12,1
DA:13,1
DA:14,1
DA:15,1
DA:16,1
DA:17,1
DA:19,1
DA:20,1
DA:21,1
DA:22,1
DA:23,1
DA:24,1
LF:22
LH:22
BRDA:1,0,0,43
BRDA:2,1,0,42
BRDA:2,2,0,4
BRDA:2,3,0,41
BRDA:2,4,0,39
BRDA:7,5,0,1
BRDA:7,6,0,38
BRDA:8,7,0,21
BRDA:8,8,0,17
BRDA:5,9,0,110
BRF:10
BRH:10
end_of_record
