TN:
SF:src/App.jsx
FN:1,(empty-report)
FNF:1
FNH:0
FNDA:0,(empty-report)
DA:1,0
DA:16,0
DA:18,0
DA:19,0
DA:20,0
DA:22,0
DA:24,0
DA:25,0
DA:26,0
DA:27,0
DA:29,0
DA:30,0
DA:31,0
DA:32,0
DA:33,0
DA:36,0
DA:37,0
DA:38,0
DA:39,0
DA:40,0
DA:41,0
DA:42,0
DA:43,0
DA:44,0
DA:45,0
DA:46,0
DA:47,0
DA:48,0
DA:49,0
DA:50,0
DA:51,0
DA:52,0
DA:53,0
DA:54,0
DA:55,0
DA:56,0
DA:57,0
DA:58,0
DA:59,0
DA:60,0
DA:62,0
DA:63,0
DA:64,0
DA:66,0
LF:44
LH:0
BRDA:1,0,0,0
BRF:1
BRH:0
end_of_record
TN:
SF:src/main.jsx
FN:1,(empty-report)
FNF:1
FNH:0
FNDA:0,(empty-report)
DA:1,0
DA:2,0
DA:3,0
DA:4,0
DA:5,0
DA:7,0
DA:8,0
DA:9,0
DA:10,0
DA:11,0
DA:12,0
DA:13,0
LF:12
LH:0
BRDA:1,0,0,0
BRF:1
BRH:0
end_of_record
TN:
SF:src/components/KpiCard.jsx
FN:1,KpiCard
FNF:1
FNH:1
FNDA:55,KpiCard
DA:1,55
DA:2,55
DA:3,55
DA:4,55
DA:5,55
DA:6,55
DA:7,55
DA:8,55
DA:9,55
DA:10,55
DA:11,55
DA:12,55
DA:13,55
DA:14,55
DA:15,55
DA:17,55
LF:16
LH:16
BRDA:1,0,0,55
BRDA:8,1,0,0
BRDA:13,2,0,0
BRF:3
BRH:1
end_of_record
TN:
SF:src/components/Navbar.jsx
FN:12,desktopLinkStyle
FN:25,Navbar
FN:30,handleLogout
FN:36,handleLinkClick
FN:42,handleOutside
FN:99,onClick
FN:113,className
FNF:7
FNH:6
FNDA:95,desktopLinkStyle
FNDA:19,Navbar
FNDA:2,handleLogout
FNDA:1,handleLinkClick
FNDA:0,handleOutside
FNDA:6,onClick
FNDA:25,className
DA:1,1
DA:4,1
DA:5,1
DA:6,1
DA:7,1
DA:8,1
DA:9,1
DA:10,1
DA:12,1
DA:13,95
DA:14,95
DA:15,95
DA:16,95
DA:17,95
DA:18,95
DA:19,95
DA:20,95
DA:21,95
DA:22,95
DA:23,95
DA:25,19
DA:26,19
DA:27,19
DA:28,19
DA:30,19
DA:31,2
DA:32,2
DA:33,2
DA:34,2
DA:36,19
DA:37,1
DA:38,1
DA:40,19
DA:41,19
DA:42,5
DA:43,0
DA:44,0
DA:45,5
DA:46,5
DA:47,19
DA:49,19
DA:50,19
DA:51,19
DA:52,19
DA:53,19
DA:54,19
DA:55,19
DA:56,19
DA:57,19
DA:58,19
DA:59,19
DA:60,19
DA:61,19
DA:62,19
DA:64,19
DA:66,19
DA:69,19
DA:70,19
DA:71,95
DA:72,95
DA:73,95
DA:74,19
DA:75,19
DA:78,19
DA:79,19
DA:80,19
DA:81,19
DA:82,19
DA:83,19
DA:84,19
DA:85,19
DA:86,19
DA:87,19
DA:88,19
DA:89,19
DA:90,19
DA:91,19
DA:93,19
DA:94,19
DA:97,19
DA:98,19
DA:99,19
DA:100,19
DA:101,19
DA:103,19
DA:104,19
DA:107,19
DA:108,5
DA:109,5
DA:110,25
DA:111,25
DA:112,25
DA:113,25
DA:114,25
DA:115,25
DA:117,25
DA:118,25
DA:119,5
DA:120,5
DA:121,5
DA:122,5
DA:123,5
DA:124,5
DA:125,5
DA:126,5
DA:127,5
DA:128,5
DA:129,5
DA:130,5
DA:131,5
DA:132,5
DA:133,5
DA:134,5
DA:136,5
DA:137,5
DA:138,5
DA:140,19
DA:142,19
LF:118
LH:116
BRDA:12,0,0,95
BRDA:13,1,0,19
BRDA:13,2,0,76
BRDA:20,3,0,19
BRDA:20,4,0,76
BRDA:21,5,0,19
BRDA:21,6,0,76
BRDA:25,7,0,19
BRDA:103,8,0,5
BRDA:103,9,0,14
BRDA:107,10,0,5
BRDA:30,11,0,2
BRDA:36,12,0,1
BRDA:40,13,0,19
BRDA:41,14,0,14
BRDA:41,15,0,5
BRDA:46,16,0,5
BRDA:70,17,0,95
BRDA:99,18,0,6
BRDA:99,19,0,6
BRDA:109,20,0,25
BRDA:113,21,0,25
BRDA:113,22,0,5
BRDA:113,23,0,20
BRF:24
BRH:24
end_of_record
TN:
SF:src/components/PriceMatrix.jsx
FN:5,PriceMatrix
FN:11,getPrice
FN:15,startEdit
FN:20,commitEdit
FN:28,getDeltaPct
FN:43,onScroll
FN:91,onChange
FN:92,onBlur
FN:93,onKeyDown
FN:99,onDoubleClick
FNF:10
FNH:4
FNDA:9,PriceMatrix
FNDA:18,getPrice
FNDA:0,startEdit
FNDA:0,commitEdit
FNDA:18,getDeltaPct
FNDA:1,onScroll
FNDA:0,onChange
FNDA:0,onBlur
FNDA:0,onKeyDown
FNDA:0,onDoubleClick
DA:1,1
DA:5,9
DA:6,9
DA:7,9
DA:8,9
DA:9,9
DA:11,9
DA:12,18
DA:13,18
DA:15,9
DA:16,0
DA:17,0
DA:18,0
DA:20,9
DA:21,0
DA:22,0
DA:23,0
DA:24,0
DA:25,0
DA:26,0
DA:28,9
DA:29,18
DA:30,18
DA:31,18
DA:33,9
DA:34,9
DA:35,9
DA:36,8
DA:37,8
DA:38,8
DA:40,9
DA:41,9
DA:42,9
DA:43,9
DA:45,9
DA:46,9
DA:47,9
DA:48,9
DA:49,9
DA:50,9
DA:51,9
DA:52,9
DA:53,18
DA:54,18
DA:55,18
DA:56,18
DA:57,9
DA:58,9
DA:59,9
DA:60,9
DA:61,9
DA:62,9
DA:63,9
DA:64,9
DA:65,9
DA:66,9
DA:67,9
DA:68,9
DA:69,9
DA:70,9
DA:71,9
DA:72,9
DA:73,9
DA:74,9
DA:75,9
DA:76,9
DA:77,9
DA:78,18
DA:79,18
DA:80,18
DA:81,18
DA:82,18
DA:83,18
DA:84,18
DA:85,0
DA:86,0
DA:87,0
DA:88,0
DA:89,0
DA:90,0
DA:91,0
DA:92,0
DA:93,0
DA:94,0
DA:95,0
DA:97,18
DA:98,18
DA:99,18
DA:100,18
DA:102,18
DA:103,18
DA:104,18
DA:105,18
DA:106,18
DA:109,0
DA:111,18
DA:113,9
DA:114,9
DA:115,9
DA:116,9
DA:117,9
DA:119,9
DA:120,9
DA:121,9
DA:122,9
DA:123,9
DA:125,9
DA:127,1
DA:128,1
DA:129,1
DA:130,1
DA:131,1
DA:132,1
DA:133,1
DA:134,1
DA:135,1
DA:136,1
DA:137,1
DA:139,1
DA:140,1
DA:141,1
DA:142,1
DA:143,1
LF:123
LH:102
BRDA:5,0,0,9
BRDA:35,1,0,8
BRDA:11,2,0,18
BRDA:12,3,0,27
BRDA:28,4,0,18
BRDA:43,5,0,1
BRDA:52,6,0,18
BRDA:62,7,0,9
BRDA:64,8,0,0
BRDA:77,9,0,18
BRDA:79,10,0,0
BRDA:79,11,0,0
BRDA:80,12,0,0
BRDA:84,13,0,0
BRDA:103,14,0,9
BRDA:103,15,0,9
BRDA:104,16,0,9
BRDA:104,17,0,9
BRDA:106,18,0,0
BRF:19
BRH:13
end_of_record
TN:
SF:src/components/ProtectedRoute.jsx
FN:1,(empty-report)
FNF:1
FNH:0
FNDA:0,(empty-report)
DA:1,0
DA:3,0
DA:4,0
DA:5,0
DA:6,0
LF:5
LH:0
BRDA:1,0,0,0
BRF:1
BRH:0
end_of_record
TN:
SF:src/components/RuleForm.jsx
FN:3,RuleForm
FN:13,set
FN:17,toggleId
FN:26,handleSubmit
FN:42,onChange
FN:47,onChange
FN:56,onChange
FN:64,onChange
FN:77,onChange
FN:84,onChange
FNF:10
FNH:3
FNDA:9,RuleForm
FNDA:1,set
FNDA:0,toggleId
FNDA:0,handleSubmit
FNDA:0,onChange
FNDA:0,onChange
FNDA:1,onChange
FNDA:0,onChange
FNDA:0,onChange
FNDA:0,onChange
DA:1,1
DA:3,9
DA:4,9
DA:5,9
DA:6,9
DA:7,9
DA:8,9
DA:9,9
DA:10,9
DA:11,9
DA:13,9
DA:14,1
DA:15,1
DA:17,9
DA:18,0
DA:19,0
DA:20,0
DA:21,0
DA:22,0
DA:23,0
DA:24,0
DA:26,9
DA:27,0
DA:28,0
DA:29,0
DA:30,0
DA:32,9
DA:33,9
DA:34,9
DA:35,9
DA:36,9
DA:38,9
DA:39,9
DA:40,9
DA:41,9
DA:42,9
DA:43,9
DA:44,9
DA:45,9
DA:46,9
DA:47,9
DA:48,9
DA:49,9
DA:50,9
DA:51,9
DA:52,9
DA:53,9
DA:54,9
DA:55,9
DA:56,9
DA:57,9
DA:58,9
DA:59,9
DA:60,9
DA:61,9
DA:62,9
DA:63,18
DA:64,18
DA:65,18
DA:66,18
DA:67,9
DA:68,9
DA:69,9
DA:70,9
DA:71,9
DA:72,9
DA:73,9
DA:74,9
DA:75,9
DA:76,18
DA:77,18
DA:78,18
DA:79,18
DA:80,9
DA:81,9
DA:82,9
DA:83,9
DA:84,9
DA:86,9
DA:88,9
DA:89,1
DA:90,1
DA:91,1
DA:92,1
DA:93,1
DA:94,1
DA:95,1
DA:96,1
DA:98,9
DA:99,9
DA:101,9
DA:102,9
DA:103,9
DA:104,9
DA:105,9
DA:106,9
DA:108,9
LF:97
LH:86
BRDA:3,0,0,9
BRDA:54,1,0,0
BRDA:88,2,0,1
BRDA:93,3,0,0
BRDA:103,4,0,0
BRDA:13,5,0,1
BRDA:14,6,0,1
BRDA:56,7,0,1
BRDA:62,8,0,18
BRDA:75,9,0,18
BRF:10
BRH:7
end_of_record
TN:
SF:src/components/SyncStatusBadge.jsx
FN:3,SyncStatusBadge
FNF:1
FNH:1
FNDA:20,SyncStatusBadge
DA:1,1
DA:3,20
DA:4,20
DA:5,20
DA:6,20
DA:7,20
DA:8,20
DA:9,20
DA:10,20
DA:11,20
DA:12,20
DA:13,20
DA:14,20
DA:15,20
DA:17,20
LF:15
LH:15
BRDA:3,0,0,20
BRDA:12,1,0,0
BRDA:14,2,0,0
BRF:3
BRH:1
end_of_record
TN:
SF:src/hooks/useApi.js
FN:5,useApi
FNF:1
FNH:1
FNDA:9,useApi
DA:1,1
DA:3,1
DA:5,1
DA:6,9
DA:7,9
DA:9,9
DA:10,4
DA:11,4
DA:12,4
DA:13,4
DA:14,4
DA:15,4
DA:16,4
DA:17,4
DA:18,4
DA:19,4
DA:20,4
DA:21,4
DA:22,4
DA:23,3
DA:24,4
DA:25,1
DA:26,1
DA:27,4
DA:28,4
DA:29,4
DA:30,9
DA:32,9
DA:33,9
DA:34,9
DA:35,9
DA:37,9
DA:38,9
LF:33
LH:33
BRDA:5,0,0,9
BRDA:9,1,0,4
BRDA:17,2,0,3
BRDA:17,3,0,1
BRDA:19,4,0,1
BRDA:19,5,0,3
BRDA:21,6,0,3
BRDA:21,7,0,1
BRDA:22,8,0,1
BRDA:22,9,0,0
BRDA:22,10,0,3
BRDA:24,11,0,1
BRDA:27,12,0,0
BRDA:32,13,0,2
BRDA:33,14,0,1
BRDA:35,15,0,1
BRF:16
BRH:14
end_of_record
TN:
SF:src/hooks/useAuth.js
FN:6,useAuth
FNF:1
FNH:1
FNDA:7,useAuth
DA:1,1
DA:3,1
DA:4,1
DA:6,1
DA:7,7
DA:8,7
DA:9,4
DA:10,4
DA:11,7
DA:13,7
DA:14,2
DA:15,2
DA:16,2
DA:17,2
DA:18,7
DA:20,7
DA:21,1
DA:22,1
DA:23,1
DA:24,1
DA:25,7
DA:27,7
DA:28,7
LF:23
LH:23
BRDA:6,0,0,7
BRDA:7,1,0,4
BRDA:8,2,0,4
BRDA:10,3,0,1
BRDA:10,4,0,3
BRDA:13,5,0,2
BRDA:20,6,0,1
BRF:7
BRH:7
end_of_record
TN:
SF:src/pages/BioPage.jsx
FN:147,BioPage
FN:167,onClick
FN:230,onClick
FNF:3
FNH:2
FNDA:3,BioPage
FNDA:1,onClick
FNDA:0,onClick
DA:1,1
DA:3,1
DA:5,1
DA:6,1
DA:7,1
DA:8,1
DA:9,1
DA:10,1
DA:11,1
DA:12,1
DA:13,1
DA:14,1
DA:15,1
DA:16,1
DA:17,1
DA:18,1
DA:19,1
DA:20,1
DA:21,1
DA:22,1
DA:23,1
DA:24,1
DA:25,1
DA:26,1
DA:27,1
DA:28,1
DA:29,1
DA:30,1
DA:31,1
DA:32,1
DA:33,1
DA:34,1
DA:35,1
DA:36,1
DA:37,1
DA:38,1
DA:39,1
DA:40,1
DA:41,1
DA:42,1
DA:43,1
DA:44,1
DA:45,1
DA:46,1
DA:47,1
DA:48,1
DA:49,1
DA:50,1
DA:51,1
DA:52,1
DA:53,1
DA:54,1
DA:55,1
DA:56,1
DA:57,1
DA:58,1
DA:59,1
DA:60,1
DA:61,1
DA:62,1
DA:63,1
DA:64,1
DA:65,1
DA:66,1
DA:67,1
DA:68,1
DA:69,1
DA:70,1
DA:71,1
DA:72,1
DA:73,1
DA:74,1
DA:75,1
DA:76,1
DA:77,1
DA:78,1
DA:79,1
DA:80,1
DA:81,1
DA:82,1
DA:83,1
DA:84,1
DA:85,1
DA:86,1
DA:87,1
DA:88,1
DA:89,1
DA:90,1
DA:91,1
DA:92,1
DA:93,1
DA:94,1
DA:95,1
DA:96,1
DA:97,1
DA:98,1
DA:99,1
DA:100,1
DA:101,1
DA:102,1
DA:103,1
DA:104,1
DA:105,1
DA:106,1
DA:107,1
DA:108,1
DA:109,1
DA:110,1
DA:111,1
DA:112,1
DA:113,1
DA:114,1
DA:115,1
DA:116,1
DA:117,1
DA:118,1
DA:119,1
DA:120,1
DA:121,1
DA:122,1
DA:123,1
DA:124,1
DA:125,1
DA:126,1
DA:127,1
DA:128,1
DA:129,1
DA:130,1
DA:131,1
DA:132,1
DA:133,1
DA:134,1
DA:135,1
DA:136,1
DA:137,1
DA:138,1
DA:139,1
DA:140,1
DA:141,1
DA:142,1
DA:143,1
DA:144,1
DA:145,1
DA:147,3
DA:148,3
DA:150,3
DA:151,3
DA:152,3
DA:163,3
DA:165,3
DA:166,3
DA:167,3
DA:168,3
DA:169,3
DA:170,3
DA:172,3
DA:173,3
DA:175,3
DA:176,3
DA:177,3
DA:178,3
DA:181,3
DA:182,3
DA:183,3
DA:184,3
DA:186,3
DA:187,3
DA:194,3
DA:197,3
DA:198,3
DA:199,3
DA:200,3
DA:201,3
DA:204,3
DA:205,3
DA:206,3
DA:207,3
DA:209,3
DA:210,3
DA:216,3
DA:218,3
DA:221,3
DA:222,3
DA:223,3
DA:224,3
DA:225,3
DA:226,3
DA:227,3
DA:229,3
DA:230,3
DA:231,3
DA:232,3
DA:233,3
DA:234,3
DA:236,3
DA:237,3
DA:238,3
DA:239,3
DA:241,3
LF:199
LH:199
BRDA:147,0,0,3
BRDA:167,1,0,1
BRF:2
BRH:2
end_of_record
TN:
SF:src/pages/ContactPage.jsx
FN:157,ContactPage
FN:162,handleChange
FN:166,handleSubmit
FN:194,onClick
FN:283,onClick
FNF:5
FNH:4
FNDA:13,ContactPage
FNDA:6,handleChange
FNDA:2,handleSubmit
FNDA:1,onClick
FNDA:0,onClick
DA:1,1
DA:4,1
DA:6,1
DA:7,1
DA:8,1
DA:9,1
DA:10,1
DA:11,1
DA:12,1
DA:13,1
DA:14,1
DA:15,1
DA:16,1
DA:17,1
DA:18,1
DA:19,1
DA:20,1
DA:21,1
DA:22,1
DA:23,1
DA:24,1
DA:25,1
DA:26,1
DA:27,1
DA:28,1
DA:29,1
DA:30,1
DA:31,1
DA:32,1
DA:33,1
DA:34,1
DA:35,1
DA:36,1
DA:37,1
DA:38,1
DA:39,1
DA:40,1
DA:41,1
DA:42,1
DA:43,1
DA:44,1
DA:45,1
DA:46,1
DA:47,1
DA:48,1
DA:49,1
DA:50,1
DA:51,1
DA:52,1
DA:53,1
DA:54,1
DA:55,1
DA:56,1
DA:57,1
DA:58,1
DA:59,1
DA:60,1
DA:61,1
DA:62,1
DA:63,1
DA:64,1
DA:65,1
DA:66,1
DA:67,1
DA:68,1
DA:69,1
DA:70,1
DA:71,1
DA:72,1
DA:73,1
DA:74,1
DA:75,1
DA:76,1
DA:77,1
DA:78,1
DA:79,1
DA:80,1
DA:81,1
DA:82,1
DA:83,1
DA:84,1
DA:85,1
DA:86,1
DA:87,1
DA:88,1
DA:89,1
DA:90,1
DA:91,1
DA:92,1
DA:93,1
DA:94,1
DA:95,1
DA:96,1
DA:97,1
DA:98,1
DA:99,1
DA:100,1
DA:101,1
DA:102,1
DA:103,1
DA:104,1
DA:105,1
DA:106,1
DA:107,1
DA:108,1
DA:109,1
DA:110,1
DA:111,1
DA:112,1
DA:113,1
DA:114,1
DA:115,1
DA:116,1
DA:117,1
DA:118,1
DA:119,1
DA:120,1
DA:121,1
DA:122,1
DA:123,1
DA:124,1
DA:125,1
DA:126,1
DA:127,1
DA:128,1
DA:129,1
DA:130,1
DA:131,1
DA:132,1
DA:133,1
DA:134,1
DA:135,1
DA:136,1
DA:137,1
DA:138,1
DA:139,1
DA:140,1
DA:141,1
DA:142,1
DA:143,1
DA:144,1
DA:145,1
DA:146,1
DA:147,1
DA:148,1
DA:149,1
DA:150,1
DA:151,1
DA:152,1
DA:153,1
DA:154,1
DA:155,1
DA:157,13
DA:158,13
DA:159,13
DA:160,13
DA:162,13
DA:163,6
DA:164,6
DA:166,13
DA:167,2
DA:168,2
DA:169,2
DA:170,2
DA:171,2
DA:172,2
DA:173,2
DA:175,13
DA:176,13
DA:177,13
DA:187,13
DA:189,13
DA:190,13
DA:191,13
DA:192,13
DA:193,13
DA:194,13
DA:196,13
DA:197,13
DA:198,13
DA:200,13
DA:201,13
DA:203,13
DA:204,13
DA:205,13
DA:206,13
DA:207,13
DA:208,13
DA:209,13
DA:211,13
DA:213,13
DA:214,13
DA:216,13
DA:217,13
DA:218,13
DA:219,13
DA:220,13
DA:221,13
DA:222,13
DA:223,13
DA:224,13
DA:225,13
DA:226,13
DA:227,13
DA:228,13
DA:229,13
DA:230,13
DA:232,13
DA:233,13
DA:234,13
DA:235,13
DA:236,13
DA:237,13
DA:238,13
DA:239,13
DA:240,13
DA:241,13
DA:242,13
DA:243,13
DA:244,13
DA:245,13
DA:247,13
DA:248,13
DA:249,13
DA:250,13
DA:251,13
DA:252,13
DA:253,13
DA:254,13
DA:255,13
DA:256,13
DA:257,13
DA:258,13
DA:259,13
DA:261,13
DA:262,13
DA:263,13
DA:264,13
DA:265,13
DA:267,13
DA:268,13
DA:270,13
DA:271,2
DA:272,2
DA:273,2
DA:274,2
DA:276,2
DA:279,13
DA:280,13
DA:281,13
DA:282,13
DA:283,13
DA:285,13
DA:286,13
DA:287,13
DA:289,13
DA:290,13
DA:291,13
DA:292,13
DA:293,13
DA:295,13
LF:261
LH:261
BRDA:157,0,0,13
BRDA:270,1,0,2
BRDA:162,2,0,6
BRDA:163,3,0,6
BRDA:166,4,0,2
BRDA:194,5,0,1
BRF:6
BRH:6
end_of_record
TN:
SF:src/pages/DashboardPage.jsx
FN:7,DashboardPage
FN:29,handleSync
FNF:2
FNH:2
FNDA:13,DashboardPage
FNDA:1,handleSync
DA:1,1
DA:7,13
DA:8,13
DA:9,13
DA:10,13
DA:11,13
DA:12,13
DA:13,13
DA:14,13
DA:16,13
DA:17,10
DA:18,10
DA:19,10
DA:20,10
DA:21,10
DA:22,10
DA:23,10
DA:24,10
DA:25,13
DA:27,13
DA:29,13
DA:30,1
DA:31,1
DA:32,1
DA:33,1
DA:34,1
DA:35,1
DA:36,1
DA:37,1
DA:38,1
DA:39,1
DA:40,1
DA:42,13
DA:43,16
DA:44,16
DA:45,16
DA:46,13
DA:48,13
DA:50,13
DA:51,13
DA:52,13
DA:53,13
DA:54,13
DA:55,13
DA:56,13
DA:57,13
DA:58,13
DA:59,13
DA:60,13
DA:61,13
DA:62,13
DA:63,13
DA:64,13
DA:65,13
DA:66,13
DA:67,13
DA:68,13
DA:69,13
DA:71,13
DA:72,13
DA:73,13
DA:75,13
DA:76,4
DA:77,4
DA:78,4
DA:82,13
DA:83,13
DA:84,13
DA:85,13
DA:86,13
DA:87,13
DA:88,13
DA:89,13
DA:92,13
DA:93,13
DA:94,13
DA:95,13
DA:96,13
DA:97,13
DA:98,13
DA:99,13
DA:100,0
DA:101,12
DA:102,12
DA:104,12
DA:106,0
DA:107,0
DA:108,0
DA:109,0
DA:110,0
DA:111,0
DA:112,0
DA:113,0
DA:114,0
DA:115,0
DA:116,0
DA:117,0
DA:118,0
DA:119,0
DA:120,0
DA:121,0
DA:122,0
DA:123,0
DA:124,0
DA:125,0
DA:126,0
DA:127,0
DA:128,0
DA:129,0
DA:131,0
DA:132,0
DA:133,0
DA:134,0
DA:135,0
DA:136,0
DA:137,0
DA:138,0
DA:140,13
DA:141,13
DA:143,13
DA:145,1
DA:146,1
LF:122
LH:89
BRDA:7,0,0,13
BRDA:55,1,0,4
BRDA:64,2,0,3
BRDA:64,3,0,9
BRDA:67,4,0,3
BRDA:67,5,0,9
BRDA:71,6,0,3
BRDA:71,7,0,9
BRDA:75,8,0,4
BRDA:86,9,0,12
BRDA:87,10,0,4
BRDA:88,11,0,4
BRDA:99,12,0,0
BRDA:100,13,0,12
BRDA:104,14,0,0
BRDA:16,15,0,10
BRDA:22,16,0,0
BRDA:23,17,0,0
BRDA:24,18,0,0
BRDA:27,19,0,9
BRDA:29,20,0,1
BRDA:42,21,0,16
BRDA:48,22,0,16
BRDA:84,23,0,24
BRDA:85,24,0,8
BRF:25
BRH:20
end_of_record
TN:
SF:src/pages/HistoryPage.jsx
FN:10,HistoryPage
FN:37,exportCsv
FN:71,onChange
FN:75,onChange
FN:79,onChange
FN:81,onChange
FN:83,onClick
FN:96,onScroll
FNF:8
FNH:1
FNDA:7,HistoryPage
FNDA:0,exportCsv
FNDA:0,onChange
FNDA:0,onChange
FNDA:0,onChange
FNDA:0,onChange
FNDA:0,onClick
FNDA:0,onScroll
DA:1,1
DA:4,1
DA:5,1
DA:6,1
DA:7,1
DA:8,1
DA:10,7
DA:11,7
DA:12,7
DA:13,7
DA:14,7
DA:15,7
DA:16,7
DA:18,7
DA:19,6
DA:20,6
DA:21,6
DA:22,6
DA:23,6
DA:24,6
DA:25,6
DA:26,7
DA:28,7
DA:29,6
DA:30,6
DA:31,6
DA:32,6
DA:33,7
DA:35,7
DA:37,7
DA:38,0
DA:39,0
DA:40,0
DA:41,0
DA:42,0
DA:43,0
DA:44,0
DA:45,0
DA:46,0
DA:47,0
DA:48,0
DA:49,0
DA:50,0
DA:51,0
DA:52,0
DA:53,0
DA:54,0
DA:55,0
DA:56,0
DA:58,7
DA:60,7
DA:61,7
DA:62,7
DA:63,7
DA:64,7
DA:66,7
DA:67,7
DA:70,7
DA:71,7
DA:72,7
DA:73,7
DA:74,7
DA:75,7
DA:76,7
DA:77,7
DA:78,7
DA:79,7
DA:80,7
DA:81,7
DA:82,7
DA:83,0
DA:85,0
DA:87,7
DA:88,7
DA:90,7
DA:91,7
DA:92,6
DA:93,6
DA:94,6
DA:96,7
DA:97,7
DA:98,7
DA:99,7
DA:100,7
DA:101,48
DA:102,48
DA:103,48
DA:104,48
DA:105,48
DA:106,7
DA:107,7
DA:108,7
DA:109,7
DA:110,7
DA:111,5
DA:113,1
DA:114,1
DA:115,1
DA:116,1
DA:117,1
DA:118,1
DA:119,1
DA:120,1
DA:121,1
DA:122,1
DA:123,1
DA:124,1
DA:125,1
DA:126,1
DA:127,1
DA:128,1
DA:129,1
DA:130,1
DA:131,1
DA:132,1
DA:133,1
DA:134,1
DA:136,1
DA:138,7
DA:139,7
DA:140,7
DA:141,7
DA:142,7
DA:144,7
LF:124
LH:103
BRDA:10,0,0,7
BRDA:82,1,0,6
BRDA:82,2,0,6
BRDA:82,3,0,6
BRDA:82,4,0,0
BRDA:91,5,0,6
BRDA:110,6,0,5
BRDA:111,7,0,1
BRDA:18,8,0,6
BRDA:20,9,0,0
BRDA:21,10,0,0
BRDA:22,11,0,0
BRDA:23,12,0,0
BRDA:25,13,0,0
BRDA:28,14,0,6
BRDA:29,15,0,6
BRDA:30,16,0,0
BRDA:31,17,0,0
BRDA:35,18,0,6
BRDA:73,19,0,1
BRDA:77,20,0,1
BRDA:100,21,0,48
BRDA:103,22,0,18
BRDA:103,23,0,30
BRDA:113,24,0,1
BRDA:115,25,0,0
BRDA:117,26,0,0
BRDA:127,27,0,0
BRDA:128,28,0,0
BRF:29
BRH:17
end_of_record
TN:
SF:src/pages/HomePage.jsx
FN:136,HomePage
FN:183,onClick
FN:196,onClick
FN:251,onClick
FNF:4
FNH:4
FNDA:7,HomePage
FNDA:1,onClick
FNDA:1,onClick
FNDA:1,onClick
DA:1,1
DA:3,1
DA:4,1
DA:5,1
DA:7,1
DA:8,1
DA:9,1
DA:10,1
DA:11,1
DA:12,1
DA:13,1
DA:14,1
DA:15,1
DA:16,1
DA:17,1
DA:18,1
DA:19,1
DA:20,1
DA:21,1
DA:22,1
DA:23,1
DA:24,1
DA:25,1
DA:26,1
DA:27,1
DA:28,1
DA:29,1
DA:30,1
DA:31,1
DA:32,1
DA:33,1
DA:34,1
DA:35,1
DA:36,1
DA:37,1
DA:38,1
DA:39,1
DA:40,1
DA:41,1
DA:42,1
DA:43,1
DA:44,1
DA:45,1
DA:46,1
DA:47,1
DA:48,1
DA:49,1
DA:50,1
DA:51,1
DA:52,1
DA:53,1
DA:54,1
DA:55,1
DA:56,1
DA:57,1
DA:58,1
DA:59,1
DA:60,1
DA:61,1
DA:62,1
DA:63,1
DA:64,1
DA:65,1
DA:66,1
DA:67,1
DA:68,1
DA:69,1
DA:70,1
DA:71,1
DA:72,1
DA:73,1
DA:74,1
DA:75,1
DA:76,1
DA:77,1
DA:78,1
DA:79,1
DA:80,1
DA:81,1
DA:82,1
DA:83,1
DA:84,1
DA:85,1
DA:86,1
DA:87,1
DA:88,1
DA:89,1
DA:90,1
DA:91,1
DA:92,1
DA:93,1
DA:94,1
DA:95,1
DA:96,1
DA:97,1
DA:98,1
DA:99,1
DA:100,1
DA:101,1
DA:102,1
DA:103,1
DA:104,1
DA:105,1
DA:106,1
DA:107,1
DA:108,1
DA:109,1
DA:110,1
DA:111,1
DA:112,1
DA:113,1
DA:114,1
DA:115,1
DA:116,1
DA:117,1
DA:118,1
DA:119,1
DA:120,1
DA:121,1
DA:122,1
DA:123,1
DA:124,1
DA:125,1
DA:126,1
DA:127,1
DA:128,1
DA:129,1
DA:130,1
DA:131,1
DA:132,1
DA:133,1
DA:134,1
DA:136,7
DA:137,7
DA:139,7
DA:140,7
DA:141,7
DA:173,7
DA:175,7
DA:176,7
DA:178,7
DA:180,7
DA:181,7
DA:182,7
DA:183,7
DA:185,7
DA:186,7
DA:187,7
DA:188,7
DA:190,7
DA:193,7
DA:194,7
DA:195,7
DA:196,7
DA:198,7
DA:199,7
DA:200,7
DA:201,7
DA:203,7
DA:206,7
DA:207,7
DA:208,7
DA:209,7
DA:210,7
DA:211,7
DA:213,7
DA:214,7
DA:215,7
DA:216,7
DA:217,7
DA:219,7
DA:222,7
DA:223,7
DA:224,7
DA:225,7
DA:226,7
DA:227,7
DA:229,7
DA:230,7
DA:231,7
DA:233,7
DA:234,7
DA:235,7
DA:237,7
DA:238,7
DA:239,7
DA:241,7
DA:243,7
DA:245,7
DA:247,7
DA:248,7
DA:249,7
DA:250,7
DA:251,7
DA:253,7
DA:254,7
DA:255,7
DA:256,7
DA:258,7
DA:259,7
DA:260,7
DA:262,7
DA:263,7
DA:264,7
DA:265,7
DA:266,7
DA:267,7
DA:268,7
DA:269,7
DA:271,7
DA:272,7
DA:273,7
DA:275,7
LF:213
LH:213
BRDA:136,0,0,7
BRDA:183,1,0,1
BRDA:196,2,0,1
BRDA:251,3,0,1
BRF:4
BRH:4
end_of_record
TN:
SF:src/pages/LoginPage.jsx
FN:4,LoginPage
FN:10,handleSubmit
FN:45,onChange
FN:56,onChange
FNF:4
FNH:4
FNDA:11,LoginPage
FNDA:2,handleSubmit
FNDA:2,onChange
FNDA:2,onChange
DA:1,1
DA:4,11
DA:5,11
DA:6,11
DA:7,11
DA:8,11
DA:10,11
DA:11,2
DA:12,2
DA:13,2
DA:14,2
DA:15,2
DA:16,2
DA:17,2
DA:18,2
DA:19,2
DA:20,2
DA:21,2
DA:22,1
DA:23,1
DA:24,1
DA:25,1
DA:26,2
DA:27,2
DA:28,2
DA:29,2
DA:31,11
DA:32,11
DA:33,11
DA:34,11
DA:35,11
DA:36,11
DA:37,11
DA:38,11
DA:39,11
DA:40,11
DA:41,11
DA:42,11
DA:43,11
DA:44,11
DA:45,11
DA:46,11
DA:47,11
DA:48,11
DA:49,11
DA:50,11
DA:51,11
DA:52,11
DA:53,11
DA:54,11
DA:55,11
DA:56,11
DA:57,11
DA:58,11
DA:59,11
DA:60,11
DA:61,11
DA:62,1
DA:63,1
DA:64,1
DA:66,11
DA:67,11
DA:68,11
DA:69,11
DA:71,11
DA:72,11
DA:73,11
DA:74,11
DA:75,11
DA:77,11
LF:70
LH:70
BRDA:4,0,0,11
BRDA:61,1,0,1
BRDA:69,2,0,2
BRDA:69,3,0,9
BRDA:69,4,0,2
BRDA:69,5,0,9
BRDA:71,6,0,2
BRDA:71,7,0,9
BRDA:10,8,0,2
BRDA:21,9,0,1
BRDA:21,10,0,0
BRDA:45,11,0,2
BRDA:45,12,0,2
BRDA:56,13,0,2
BRDA:56,14,0,2
BRF:15
BRH:14
end_of_record
TN:
SF:src/pages/PortfolioPage.jsx
FN:96,pillStyle
FN:112,PortfolioPage
FN:126,handleOutside
FN:192,onClick
FN:219,onClick
FN:237,onClick
FN:241,onClick
FN:273,onClick
FN:526,onClick
FNF:9
FNH:5
FNDA:960,pillStyle
FNDA:33,PortfolioPage
FNDA:0,handleOutside
FNDA:1,onClick
FNDA:3,onClick
FNDA:0,onClick
FNDA:0,onClick
FNDA:1,onClick
FNDA:0,onClick
DA:1,1
DA:4,1
DA:5,1
DA:6,1
DA:8,1
DA:9,1
DA:10,1
DA:11,1
DA:12,1
DA:13,1
DA:14,1
DA:15,1
DA:17,1
DA:18,1
DA:19,1
DA:20,1
DA:21,1
DA:22,1
DA:23,1
DA:24,1
DA:25,1
DA:26,1
DA:27,1
DA:28,1
DA:29,1
DA:30,1
DA:31,1
DA:32,1
DA:33,1
DA:34,1
DA:35,1
DA:36,1
DA:37,1
DA:38,1
DA:39,1
DA:40,1
DA:41,1
DA:42,1
DA:43,1
DA:44,1
DA:45,1
DA:46,1
DA:47,1
DA:48,1
DA:49,1
DA:50,1
DA:51,1
DA:52,1
DA:54,1
DA:55,1
DA:56,1
DA:57,1
DA:58,1
DA:59,1
DA:60,1
DA:61,1
DA:63,1
DA:64,1
DA:65,1
DA:66,1
DA:67,1
DA:68,1
DA:69,1
DA:70,1
DA:71,1
DA:72,1
DA:73,1
DA:74,1
DA:75,1
DA:77,1
DA:78,1
DA:79,1
DA:80,1
DA:81,1
DA:82,1
DA:83,1
DA:84,1
DA:86,1
DA:87,1
DA:88,1
DA:89,1
DA:90,1
DA:91,1
DA:92,1
DA:93,1
DA:94,1
DA:96,960
DA:97,960
DA:98,960
DA:99,960
DA:100,960
DA:101,960
DA:102,960
DA:103,960
DA:104,960
DA:105,960
DA:106,960
DA:107,960
DA:108,960
DA:109,960
DA:110,960
DA:112,33
DA:113,33
DA:114,33
DA:115,33
DA:116,33
DA:118,33
DA:119,16
DA:120,16
DA:121,16
DA:122,33
DA:124,33
DA:125,19
DA:126,2
DA:127,0
DA:128,0
DA:129,2
DA:130,2
DA:131,33
DA:133,33
DA:134,33
DA:135,33
DA:177,33
DA:180,33
DA:181,33
DA:182,33
DA:183,33
DA:184,33
DA:185,33
DA:186,33
DA:187,33
DA:188,33
DA:189,33
DA:190,33
DA:191,33
DA:192,33
DA:193,33
DA:195,33
DA:197,33
DA:200,33
DA:201,33
DA:202,160
DA:203,160
DA:204,160
DA:205,160
DA:206,33
DA:207,33
DA:208,33
DA:209,33
DA:210,33
DA:211,33
DA:213,33
DA:214,33
DA:217,33
DA:218,33
DA:219,33
DA:220,33
DA:221,33
DA:222,33
DA:224,33
DA:225,33
DA:228,33
DA:229,3
DA:230,3
DA:231,3
DA:232,3
DA:233,3
DA:234,3
DA:235,3
DA:236,3
DA:237,15
DA:238,15
DA:239,15
DA:240,3
DA:241,3
DA:242,3
DA:244,3
DA:245,3
DA:247,33
DA:250,33
DA:251,33
DA:253,33
DA:254,33
DA:256,33
DA:257,33
DA:259,33
DA:260,33
DA:263,33
DA:264,33
DA:265,33
DA:266,33
DA:267,33
DA:268,33
DA:270,33
DA:271,33
DA:272,33
DA:273,33
DA:274,33
DA:275,33
DA:276,33
DA:277,33
DA:278,33
DA:280,33
DA:281,33
DA:282,33
DA:285,33
DA:286,33
DA:287,33
DA:288,33
DA:289,33
DA:290,33
DA:291,192
DA:292,192
DA:293,192
DA:294,192
DA:295,192
DA:296,192
DA:297,192
DA:298,192
DA:300,192
DA:301,160
DA:302,32
DA:303,33
DA:304,33
DA:305,33
DA:306,33
DA:309,33
DA:310,33
DA:311,33
DA:312,33
DA:313,33
DA:314,33
DA:315,33
DA:319,33
DA:320,33
DA:321,33
DA:322,192
DA:323,33
DA:324,33
DA:325,33
DA:326,33
DA:327,33
DA:328,33
DA:329,33
DA:330,33
DA:331,96
DA:332,96
DA:333,96
DA:334,96
DA:335,33
DA:336,33
DA:337,33
DA:338,33
DA:340,33
DA:341,33
DA:342,33
DA:345,33
DA:346,33
DA:347,33
DA:348,33
DA:349,33
DA:350,33
DA:351,192
DA:352,192
DA:353,192
DA:354,192
DA:355,192
DA:356,192
DA:357,192
DA:358,192
DA:359,33
DA:360,33
DA:361,33
DA:364,33
DA:365,33
DA:366,33
DA:367,33
DA:368,33
DA:369,160
DA:370,160
DA:371,160
DA:372,160
DA:373,768
DA:374,160
DA:375,160
DA:376,160
DA:377,33
DA:378,33
DA:379,33
DA:382,33
DA:383,33
DA:384,33
DA:385,33
DA:386,33
DA:387,33
DA:388,33
DA:389,64
DA:390,64
DA:391,64
DA:392,64
DA:393,288
DA:394,288
DA:395,288
DA:396,288
DA:397,288
DA:398,224
DA:400,288
DA:401,64
DA:402,64
DA:403,64
DA:404,33
DA:405,33
DA:408,33
DA:409,33
DA:410,33
DA:411,33
DA:412,33
DA:413,33
DA:415,33
DA:416,33
DA:417,33
DA:418,33
DA:419,33
DA:420,33
DA:422,33
DA:423,33
DA:424,33
DA:425,32
DA:426,32
DA:427,32
DA:428,32
DA:429,32
DA:430,32
DA:431,32
DA:432,32
DA:434,33
DA:435,33
DA:437,33
DA:438,33
DA:439,33
DA:440,33
DA:441,33
DA:442,33
DA:443,128
DA:444,128
DA:445,128
DA:446,96
DA:447,96
DA:448,96
DA:449,96
DA:450,96
DA:451,96
DA:453,32
DA:454,32
DA:455,32
DA:456,32
DA:457,32
DA:459,128
DA:460,33
DA:462,33
DA:463,33
DA:464,33
DA:466,33
DA:467,33
DA:468,33
DA:469,33
DA:470,33
DA:471,33
DA:472,33
DA:473,33
DA:474,33
DA:475,33
DA:476,33
DA:477,33
DA:480,33
DA:481,33
DA:482,33
DA:483,33
DA:484,33
DA:485,33
DA:486,33
DA:487,33
DA:488,33
DA:489,33
DA:490,33
DA:491,33
DA:492,33
DA:493,33
DA:494,33
DA:495,33
DA:496,33
DA:497,33
DA:498,33
DA:499,33
DA:500,192
DA:501,192
DA:502,192
DA:503,192
DA:504,33
DA:505,33
DA:506,33
DA:507,33
DA:510,33
DA:511,33
DA:512,33
DA:513,33
DA:514,33
DA:515,33
DA:516,33
DA:518,33
DA:519,33
DA:520,33
DA:521,33
DA:523,33
DA:524,33
DA:525,33
DA:526,33
DA:527,33
DA:529,33
DA:530,33
DA:531,33
DA:532,33
DA:533,33
DA:535,33
LF:424
LH:422
BRDA:96,0,0,960
BRDA:112,1,0,33
BRDA:224,2,0,3
BRDA:224,3,0,29
BRDA:228,4,0,3
BRDA:489,5,0,12
BRDA:489,6,0,20
BRDA:489,7,0,19
BRDA:489,8,0,1
BRDA:490,9,0,12
BRDA:490,10,0,20
BRDA:490,11,0,19
BRDA:490,12,0,1
BRDA:492,13,0,12
BRDA:492,14,0,20
BRDA:492,15,0,19
BRDA:492,16,0,1
BRDA:495,17,0,12
BRDA:495,18,0,20
BRDA:495,19,0,19
BRDA:495,20,0,1
BRDA:118,21,0,16
BRDA:120,22,0,15
BRDA:120,23,0,0
BRDA:121,24,0,1
BRDA:124,25,0,19
BRDA:125,26,0,17
BRDA:125,27,0,2
BRDA:130,28,0,2
BRDA:192,29,0,1
BRDA:201,30,0,160
BRDA:219,31,0,3
BRDA:219,32,0,3
BRDA:236,33,0,15
BRDA:273,34,0,1
BRDA:290,35,0,192
BRDA:300,36,0,160
BRDA:301,37,0,32
BRDA:321,38,0,192
BRDA:322,39,0,32
BRDA:322,40,0,160
BRDA:322,41,0,128
BRDA:322,42,0,64
BRDA:322,43,0,96
BRDA:330,44,0,96
BRDA:350,45,0,192
BRDA:368,46,0,160
BRDA:372,47,0,768
BRDA:388,48,0,64
BRDA:392,49,0,288
BRDA:397,50,0,224
BRDA:424,51,0,32
BRDA:425,52,0,64
BRDA:438,53,0,96
BRDA:439,54,0,128
BRDA:440,55,0,160
BRDA:441,56,0,192
BRDA:442,57,0,128
BRDA:445,58,0,96
BRDA:451,59,0,32
BRDA:499,60,0,192
BRF:61
BRH:60
end_of_record
TN:
SF:src/pages/PricesPage.jsx
FN:1,(empty-report)
FNF:1
FNH:0
FNDA:0,(empty-report)
DA:1,0
DA:5,0
DA:6,0
DA:7,0
DA:8,0
DA:9,0
DA:11,0
DA:12,0
DA:13,0
DA:14,0
DA:15,0
DA:16,0
DA:17,0
DA:18,0
DA:19,0
DA:20,0
DA:22,0
DA:24,0
DA:25,0
DA:26,0
DA:27,0
DA:29,0
DA:30,0
DA:31,0
DA:32,0
DA:33,0
DA:35,0
DA:36,0
DA:39,0
DA:40,0
DA:41,0
DA:42,0
DA:43,0
DA:44,0
DA:45,0
DA:47,0
DA:48,0
DA:49,0
DA:51,0
DA:53,0
DA:56,0
DA:57,0
DA:58,0
DA:59,0
DA:60,0
DA:61,0
DA:62,0
DA:63,0
DA:64,0
DA:65,0
DA:66,0
DA:67,0
DA:68,0
DA:69,0
DA:70,0
DA:71,0
DA:72,0
DA:73,0
DA:74,0
DA:75,0
DA:77,0
DA:79,0
LF:62
LH:0
BRDA:1,0,0,0
BRF:1
BRH:0
end_of_record
TN:
SF:src/pages/ProductsPage.jsx
FN:8,ProductsPage
FN:28,openCreate
FN:29,openEdit
FN:31,handleSubmit
FN:40,handleDelete
FN:60,onClick
FN:74,onChange
FN:78,onChange
FN:82,onChange
FN:88,onChange
FN:91,onClick
FN:111,onScroll
FN:135,onClick
FN:136,onClick
FNF:14
FNH:2
FNDA:21,ProductsPage
FNDA:3,openCreate
FNDA:0,openEdit
FNDA:0,handleSubmit
FNDA:0,handleDelete
FNDA:0,onClick
FNDA:0,onChange
FNDA:0,onChange
FNDA:0,onChange
FNDA:0,onChange
FNDA:0,onClick
FNDA:0,onScroll
FNDA:0,onClick
FNDA:0,onClick
DA:1,1
DA:6,1
DA:8,21
DA:9,21
DA:10,21
DA:11,21
DA:12,21
DA:13,21
DA:14,21
DA:15,21
DA:16,21
DA:17,21
DA:19,21
DA:20,16
DA:21,16
DA:22,16
DA:23,16
DA:24,21
DA:26,21
DA:28,21
DA:29,21
DA:31,21
DA:32,0
DA:33,0
DA:34,0
DA:35,0
DA:36,0
DA:37,0
DA:38,0
DA:40,21
DA:41,0
DA:42,0
DA:43,0
DA:44,0
DA:46,21
DA:48,21
DA:49,21
DA:50,21
DA:51,21
DA:52,21
DA:54,21
DA:55,21
DA:58,21
DA:59,21
DA:60,160
DA:61,160
DA:62,160
DA:63,160
DA:64,21
DA:65,21
DA:68,21
DA:69,9
DA:70,9
DA:71,9
DA:72,9
DA:73,9
DA:74,9
DA:75,9
DA:76,9
DA:77,9
DA:78,9
DA:79,9
DA:80,9
DA:81,9
DA:82,9
DA:83,9
DA:84,9
DA:85,9
DA:86,9
DA:87,9
DA:88,9
DA:89,9
DA:90,9
DA:91,9
DA:92,9
DA:93,9
DA:94,9
DA:95,9
DA:96,9
DA:97,9
DA:101,21
DA:102,21
DA:103,0
DA:105,20
DA:106,20
DA:107,20
DA:108,20
DA:109,20
DA:111,20
DA:112,20
DA:113,20
DA:114,20
DA:115,20
DA:116,120
DA:117,120
DA:118,120
DA:119,120
DA:120,120
DA:121,20
DA:122,20
DA:123,20
DA:124,20
DA:125,20
DA:126,16
DA:127,16
DA:128,16
DA:129,16
DA:130,16
DA:131,16
DA:132,16
DA:133,16
DA:134,16
DA:135,16
DA:136,16
DA:137,16
DA:138,16
DA:139,20
DA:140,20
DA:141,20
DA:142,20
DA:143,20
DA:146,21
DA:147,0
DA:148,0
DA:149,0
DA:150,0
DA:151,0
DA:152,0
DA:153,0
DA:155,21
DA:156,21
DA:158,21
LF:132
LH:113
BRDA:8,0,0,21
BRDA:68,1,0,9
BRDA:70,2,0,0
BRDA:93,3,0,0
BRDA:102,4,0,0
BRDA:103,5,0,20
BRDA:146,6,0,0
BRDA:19,7,0,16
BRDA:20,8,0,0
BRDA:26,9,0,16
BRDA:28,10,0,3
BRDA:59,11,0,160
BRDA:61,12,0,20
BRDA:61,13,0,140
BRDA:61,14,0,20
BRDA:61,15,0,140
BRDA:62,16,0,20
BRDA:83,17,0,63
BRDA:115,18,0,120
BRDA:118,19,0,20
BRDA:118,20,0,100
BRDA:125,21,0,16
BRDA:126,22,0,8
BRDA:126,23,0,8
BRF:24
BRH:19
end_of_record
TN:
SF:src/pages/RulesPage.jsx
FN:7,RulesPage
FN:24,handleSubmit
FN:32,handleToggle
FN:37,handleDelete
FN:43,openEdit
FN:48,getChannelNames
FN:51,getProductSkus
FN:60,onClick
FN:72,onCancel
FN:119,onClick
FN:122,onClick
FN:125,onClick
FNF:12
FNH:3
FNDA:7,RulesPage
FNDA:0,handleSubmit
FNDA:0,handleToggle
FNDA:0,handleDelete
FNDA:0,openEdit
FNDA:2,getChannelNames
FNDA:2,getProductSkus
FNDA:0,onClick
FNDA:0,onCancel
FNDA:0,onClick
FNDA:0,onClick
FNDA:0,onClick
DA:1,1
DA:5,1
DA:7,7
DA:8,7
DA:9,7
DA:10,7
DA:11,7
DA:12,7
DA:13,7
DA:15,7
DA:16,6
DA:17,6
DA:18,6
DA:19,6
DA:20,7
DA:22,7
DA:24,7
DA:25,0
DA:26,0
DA:27,0
DA:28,0
DA:29,0
DA:30,0
DA:32,7
DA:33,0
DA:34,0
DA:35,0
DA:37,7
DA:38,0
DA:39,0
DA:40,0
DA:41,0
DA:43,7
DA:44,0
DA:45,0
DA:46,0
DA:48,7
DA:49,2
DA:50,2
DA:51,7
DA:52,2
DA:53,2
DA:54,2
DA:56,7
DA:57,7
DA:58,7
DA:59,7
DA:60,7
DA:62,7
DA:63,7
DA:65,7
DA:66,0
DA:67,0
DA:68,0
DA:69,0
DA:70,0
DA:71,0
DA:72,0
DA:73,0
DA:74,0
DA:75,0
DA:76,0
DA:77,0
DA:78,0
DA:79,0
DA:80,0
DA:81,0
DA:82,0
DA:85,7
DA:86,7
DA:87,4
DA:89,4
DA:91,7
DA:92,2
DA:93,2
DA:94,2
DA:95,2
DA:96,2
DA:97,2
DA:98,2
DA:99,2
DA:100,2
DA:101,2
DA:102,2
DA:103,2
DA:104,2
DA:105,2
DA:106,2
DA:107,2
DA:108,2
DA:109,2
DA:110,2
DA:111,2
DA:112,2
DA:113,2
DA:114,2
DA:115,2
DA:116,2
DA:117,2
DA:118,2
DA:119,2
DA:120,2
DA:121,2
DA:122,2
DA:124,2
DA:125,2
DA:127,2
DA:128,2
DA:129,2
DA:130,2
DA:131,7
DA:132,7
DA:133,7
DA:135,7
LF:114
LH:81
BRDA:7,0,0,7
BRDA:65,1,0,0
BRDA:86,2,0,4
BRDA:15,3,0,6
BRDA:17,4,0,0
BRDA:18,5,0,0
BRDA:19,6,0,0
BRDA:22,7,0,6
BRDA:48,8,0,2
BRDA:49,9,0,2
BRDA:49,10,0,0
BRDA:49,11,0,4
BRDA:51,12,0,2
BRDA:52,13,0,0
BRDA:53,14,0,6
BRDA:53,15,0,2
BRDA:53,16,0,4
BRDA:53,17,0,6
BRDA:91,18,0,2
BRDA:95,19,0,0
BRDA:96,20,0,0
BRDA:102,21,0,0
BRDA:102,22,0,0
BRDA:103,23,0,0
BRDA:108,24,0,0
BRDA:109,25,0,0
BRDA:109,26,0,0
BRDA:120,27,0,0
BRF:28
BRH:13
end_of_record
TN:
SF:src/utils/syncStatus.js
FN:1,getSyncStatus
FNF:1
FNH:1
FNDA:62,getSyncStatus
DA:1,1
DA:2,62
DA:3,44
DA:4,44
DA:5,44
DA:6,44
DA:7,46
DA:8,46
DA:9,17
DA:10,17
DA:12,1
DA:13,1
DA:14,1
DA:15,1
DA:16,1
DA:17,1
DA:19,1
DA:20,1
DA:21,1
DA:22,1
DA:23,1
DA:24,1
LF:22
LH:22
BRDA:1,0,0,62
BRDA:2,1,0,61
BRDA:2,2,0,18
BRDA:2,3,0,46
BRDA:2,4,0,44
BRDA:7,5,0,1
BRDA:7,6,0,43
BRDA:8,7,0,26
BRDA:8,8,0,17
BRDA:5,9,0,120
BRF:10
BRH:10
end_of_record
